Terminals unused in grammar

    CONSTANTE_TK
    LLAVE_APERTURA_TK
    LLAVE_CIERRE_TK
    COMENTARIO_TK


State 90 conflicts: 3 reduce/reduce


Grammar

    0 $accept: desc_algoritmo $end

    1 desc_algoritmo: ALGORITMO_TK ID_TK PUNTOYCOMA_TK cabecera_alg bloque_alg FALGORITMO_TK PUNTO_TK

    2 cabecera_alg: decl_globales decl_a_f decl_ent_sal PRECONDICION_TK

    3 bloque_alg: bloque POSTCONDICION_TK

    4 decl_globales: declaracion_tipo decl_globales
    5              | ε

    6 decl_a_f: accion_d decl_a_f
    7         | funcion_d decl_a_f
    8         | ε

    9 bloque: declaraciones instrucciones

   10 declaraciones: declaracion_tipo declaraciones
   11              | declaracion_const declaraciones
   12              | declaracion_var declaraciones
   13              | ε

   14 decl_ent_sal: decl_ent
   15             | decl_ent decl_salida
   16             | decl_salida

   17 decl_ent: ENT_TK lista_d_var

   18 decl_salida: SAL_TK lista_d_var

   19 declaracion_tipo: TIPO_TK lista_d_tipo FTIPO_TK PUNTOYCOMA_TK

   20 declaracion_const: CONST_TK lista_d_const FCONST_TK PUNTOYCOMA_TK

   21 declaracion_var: VAR_TK lista_d_var FVAR_TK PUNTOYCOMA_TK

   22 lista_d_tipo: ID_TK IGUAL_TK d_tipo PUNTOYCOMA_TK lista_d_tipo
   23             | IDBOOLEANO_TK IGUAL_TK d_tipo PUNTOYCOMA_TK lista_d_tipo
   24             | ε

   25 lista_d_const: ID_TK IGUAL_TK literal PUNTOYCOMA_TK lista_d_const
   26              | IDBOOLEANO_TK IGUAL_TK literal PUNTOYCOMA_TK lista_d_const
   27              | ε

   28 literal: LITERAL_BOOLEANO_TK
   29        | LITERAL_CADENA_TK
   30        | LITERAL_CARACTER_TK
   31        | LITERAL_ENTERO_TK
   32        | LITERAL_REAL_TK

   33 lista_d_var: lista_id DOSPUNTOS_TK d_tipo PUNTOYCOMA_TK lista_d_var
   34            | ε

   35 lista_id: ID_TK
   36         | ID_TK COMA_TK lista_id
   37         | IDBOOLEANO_TK
   38         | IDBOOLEANO_TK COMA_TK lista_id

   39 d_tipo: TUPLA_TK lista_campos FTUPLA_TK
   40       | TABLA_TK INICIO_ARRAY_TK expresion_t DOBLEPUNTO_TK expresion_t CIERRE_ARRAY_TK DE_TK d_tipo
   41       | ID_TK
   42       | expresion_t DOBLEPUNTO_TK expresion_t
   43       | REF_TK d_tipo
   44       | tipo_base

   45 expresion_t: expresion
   46            | literal

   47 lista_campos: ID_TK DOSPUNTOS_TK d_tipo PUNTOYCOMA_TK lista_campos
   48             | ε

   49 tipo_base: ENTERO_TK
   50          | BOOLEANO_TK
   51          | CARACTER_TK
   52          | REAL_TK
   53          | CADENA_TK

   54 expresion: exp_b
   55          | exp_a
   56          | funcion_ll

   57 exp_a: exp_a MAS_TK exp_a
   58      | exp_a MENOS_TK exp_a
   59      | exp_a MULTIPLICACION_TK exp_a
   60      | exp_a DIVREAL_TK exp_a
   61      | exp_a MOD_TK exp_a
   62      | exp_a DIV_TK exp_a
   63      | PARENTESIS_APERTURA_TK exp_a PARENTESIS_CIERRE_TK
   64      | operando
   65      | MENOS_TK exp_a
   66      | MAS_TK exp_a

   67 exp_b: exp_b Y_TK exp_b
   68      | exp_b O_TK exp_b
   69      | NO_TK exp_b
   70      | operando_booleano
   71      | VERDADERO_TK
   72      | FALSO_TK
   73      | exp_a oprel exp_a
   74      | PARENTESIS_APERTURA_TK exp_b PARENTESIS_CIERRE_TK

   75 oprel: MENOR_TK
   76      | MAYOR_TK
   77      | IGUAL_TK
   78      | DISTINTO_TK
   79      | MAYORIGUAL_TK
   80      | MENORIGUAL_TK

   81 operando: ID_TK
   82         | operando PUNTO_TK ID_TK
   83         | operando INICIO_ARRAY_TK expresion CIERRE_ARRAY_TK
   84         | operando REF_TK
   85         | literal

   86 operando_booleano: IDBOOLEANO_TK

   87 instrucciones: instruccion PUNTOYCOMA_TK instrucciones
   88              | instruccion

   89 instruccion: CONTINUAR_TK
   90            | asignacion
   91            | alternativa
   92            | iteracion
   93            | accion_ll

   94 asignacion: operando ASIGNACION_TK expresion
   95           | operando_booleano ASIGNACION_TK expresion

   96 alternativa: SI_TK expresion ENTONCES_TK instrucciones lista_opciones FSI_TK

   97 lista_opciones: SINO_SI_TK expresion ENTONCES_TK instrucciones lista_opciones
   98               | ε

   99 iteracion: it_cota_fija
  100          | it_cota_exp

  101 it_cota_fija: MIENTRAS_TK expresion HACER_TK instrucciones FMIENTRAS_TK

  102 it_cota_exp: PARA_TK ID_TK ASIGNACION_TK expresion HASTA_TK expresion HACER_TK instrucciones FPARA_TK

  103 accion_d: ACCION_TK a_cabecera bloque FACCION_TK

  104 funcion_d: FUNCION_TK f_cabecera bloque DEV_TK expresion FFUNCION_TK

  105 a_cabecera: ID_TK PARENTESIS_APERTURA_TK d_par_form PARENTESIS_CIERRE_TK PUNTOYCOMA_TK

  106 f_cabecera: ID_TK PARENTESIS_APERTURA_TK lista_d_var PARENTESIS_CIERRE_TK DEV_TK d_tipo PUNTOYCOMA_TK

  107 d_par_form: d_p_form PUNTOYCOMA_TK d_par_form
  108           | ε

  109 d_p_form: ENT_TK lista_id DOSPUNTOS_TK d_tipo
  110         | SAL_TK lista_id DOSPUNTOS_TK d_tipo
  111         | E_S_TK lista_id DOSPUNTOS_TK d_tipo

  112 accion_ll: ID_TK PARENTESIS_APERTURA_TK l_ll PARENTESIS_CIERRE_TK

  113 funcion_ll: ID_TK PARENTESIS_APERTURA_TK l_ll PARENTESIS_CIERRE_TK

  114 l_ll: expresion
  115     | expresion COMA_TK l_ll


Terminals, with rules where they appear

    $end (0) 0
    error (256)
    MAS_TK (258) 57 66
    MENOS_TK (259) 58 65
    ID_TK <cadena> (260) 1 22 25 35 36 41 47 81 82 102 105 106 112 113
    IDBOOLEANO_TK <cadena> (261) 23 26 37 38 86
    CONSTANTE_TK <cadena> (262)
    LITERAL_BOOLEANO_TK <literal> (263) 28
    LITERAL_ENTERO_TK <literal> (264) 31
    LITERAL_REAL_TK <literal> (265) 32
    LITERAL_CADENA_TK <literal> (266) 29
    LITERAL_CARACTER_TK <literal> (267) 30
    ACCION_TK (268) 103
    ALGORITMO_TK (269) 1
    BOOLEANO_TK (270) 50
    CADENA_TK (271) 53
    CARACTER_TK (272) 51
    CONST_TK (273) 20
    CONTINUAR_TK (274) 89
    DE_TK (275) 40
    DEV_TK (276) 104 106
    DIV_TK (277) 62
    ENT_TK (278) 17 109
    ENTERO_TK (279) 49
    E_S_TK (280) 111
    FACCION_TK (281) 103
    FALGORITMO_TK (282) 1
    FALSO_TK (283) 72
    FCONST_TK (284) 20
    FFUNCION_TK (285) 104
    FMIENTRAS_TK (286) 101
    FPARA_TK (287) 102
    FSI_TK (288) 96
    FTIPO_TK (289) 19
    FTUPLA_TK (290) 39
    FUNCION_TK (291) 104
    FVAR_TK (292) 21
    HACER_TK (293) 101 102
    HASTA_TK (294) 102
    MIENTRAS_TK (295) 101
    MOD_TK (296) 61
    NO_TK (297) 69
    O_TK (298) 68
    PARA_TK (299) 102
    REAL_TK (300) 52
    REF_TK (301) 43 84
    SAL_TK (302) 18 110
    SI_TK (303) 96
    TABLA_TK (304) 40
    TIPO_TK (305) 19
    TUPLA_TK (306) 39
    VAR_TK (307) 21
    VERDADERO_TK (308) 71
    Y_TK (309) 67
    PRECONDICION_TK (310) 2
    POSTCONDICION_TK (311) 3
    ASIGNACION_TK (312) 94 95 102
    PUNTOYCOMA_TK (313) 1 19 20 21 22 23 25 26 33 47 87 105 106 107
    DOSPUNTOS_TK (314) 33 47 109 110 111
    ENTONCES_TK (315) 96 97
    SINO_SI_TK (316) 97
    IGUAL_TK (317) 22 23 25 26 77
    INICIO_ARRAY_TK (318) 40 83
    CIERRE_ARRAY_TK (319) 40 83
    MULTIPLICACION_TK (320) 59
    DIVREAL_TK (321) 60
    MAYORIGUAL_TK (322) 79
    MENORIGUAL_TK (323) 80
    MAYOR_TK (324) 76
    MENOR_TK (325) 75
    DISTINTO_TK (326) 78
    COMA_TK (327) 36 38 115
    LLAVE_APERTURA_TK (328)
    LLAVE_CIERRE_TK (329)
    PUNTO_TK (330) 1 82
    DOBLEPUNTO_TK (331) 40 42
    PARENTESIS_APERTURA_TK (332) 63 74 105 106 112 113
    PARENTESIS_CIERRE_TK (333) 63 74 105 106 112 113
    COMENTARIO_TK (334)
    NEG_TK (335)
    POS_TK (336)


Nonterminals, with rules where they appear

    $accept (82)
        on left: 0
    desc_algoritmo (83)
        on left: 1
        on right: 0
    cabecera_alg (84)
        on left: 2
        on right: 1
    bloque_alg (85)
        on left: 3
        on right: 1
    decl_globales (86)
        on left: 4 5
        on right: 2 4
    decl_a_f (87)
        on left: 6 7 8
        on right: 2 6 7
    bloque (88)
        on left: 9
        on right: 3 103 104
    declaraciones (89)
        on left: 10 11 12 13
        on right: 9 10 11 12
    decl_ent_sal (90)
        on left: 14 15 16
        on right: 2
    decl_ent (91)
        on left: 17
        on right: 14 15
    decl_salida (92)
        on left: 18
        on right: 15 16
    declaracion_tipo (93)
        on left: 19
        on right: 4 10
    declaracion_const (94)
        on left: 20
        on right: 11
    declaracion_var (95)
        on left: 21
        on right: 12
    lista_d_tipo (96)
        on left: 22 23 24
        on right: 19 22 23
    lista_d_const (97)
        on left: 25 26 27
        on right: 20 25 26
    literal <literal> (98)
        on left: 28 29 30 31 32
        on right: 25 26 46 85
    lista_d_var <lista_ids> (99)
        on left: 33 34
        on right: 17 18 21 33 106
    lista_id <lista_ids> (100)
        on left: 35 36 37 38
        on right: 33 36 38 109 110 111
    d_tipo <tipo> (101)
        on left: 39 40 41 42 43 44
        on right: 22 23 33 40 43 47 106 109 110 111
    expresion_t (102)
        on left: 45 46
        on right: 40 42
    lista_campos (103)
        on left: 47 48
        on right: 39 47
    tipo_base <tipo> (104)
        on left: 49 50 51 52 53
        on right: 44
    expresion <id_simbolo> (105)
        on left: 54 55 56
        on right: 45 83 94 95 96 97 101 102 104 114 115
    exp_a <id_simbolo> (106)
        on left: 57 58 59 60 61 62 63 64 65 66
        on right: 55 57 58 59 60 61 62 63 65 66 73
    exp_b <id_simbolo> (107)
        on left: 67 68 69 70 71 72 73 74
        on right: 54 67 68 69 74
    oprel <id_simbolo> (108)
        on left: 75 76 77 78 79 80
        on right: 73
    operando <id_simbolo> (109)
        on left: 81 82 83 84 85
        on right: 64 82 83 84 94
    operando_booleano <id_simbolo> (110)
        on left: 86
        on right: 70 95
    instrucciones (111)
        on left: 87 88
        on right: 9 87 96 97 101 102
    instruccion (112)
        on left: 89 90 91 92 93
        on right: 87 88
    asignacion (113)
        on left: 94 95
        on right: 90
    alternativa (114)
        on left: 96
        on right: 91
    lista_opciones (115)
        on left: 97 98
        on right: 96 97
    iteracion (116)
        on left: 99 100
        on right: 92
    it_cota_fija (117)
        on left: 101
        on right: 99
    it_cota_exp (118)
        on left: 102
        on right: 100
    accion_d (119)
        on left: 103
        on right: 6
    funcion_d (120)
        on left: 104
        on right: 7
    a_cabecera (121)
        on left: 105
        on right: 103
    f_cabecera (122)
        on left: 106
        on right: 104
    d_par_form (123)
        on left: 107 108
        on right: 105 107
    d_p_form (124)
        on left: 109 110 111
        on right: 107
    accion_ll (125)
        on left: 112
        on right: 93
    funcion_ll (126)
        on left: 113
        on right: 56
    l_ll (127)
        on left: 114 115
        on right: 112 113 115


State 0

    0 $accept: • desc_algoritmo $end

    ALGORITMO_TK  shift, and go to state 1

    desc_algoritmo  go to state 2


State 1

    1 desc_algoritmo: ALGORITMO_TK • ID_TK PUNTOYCOMA_TK cabecera_alg bloque_alg FALGORITMO_TK PUNTO_TK

    ID_TK  shift, and go to state 3


State 2

    0 $accept: desc_algoritmo • $end

    $end  shift, and go to state 4


State 3

    1 desc_algoritmo: ALGORITMO_TK ID_TK • PUNTOYCOMA_TK cabecera_alg bloque_alg FALGORITMO_TK PUNTO_TK

    PUNTOYCOMA_TK  shift, and go to state 5


State 4

    0 $accept: desc_algoritmo $end •

    $default  accept


State 5

    1 desc_algoritmo: ALGORITMO_TK ID_TK PUNTOYCOMA_TK • cabecera_alg bloque_alg FALGORITMO_TK PUNTO_TK

    TIPO_TK  shift, and go to state 6

    $default  reduce using rule 5 (decl_globales)

    cabecera_alg      go to state 7
    decl_globales     go to state 8
    declaracion_tipo  go to state 9


State 6

   19 declaracion_tipo: TIPO_TK • lista_d_tipo FTIPO_TK PUNTOYCOMA_TK

    ID_TK          shift, and go to state 10
    IDBOOLEANO_TK  shift, and go to state 11

    $default  reduce using rule 24 (lista_d_tipo)

    lista_d_tipo  go to state 12


State 7

    1 desc_algoritmo: ALGORITMO_TK ID_TK PUNTOYCOMA_TK cabecera_alg • bloque_alg FALGORITMO_TK PUNTO_TK

    CONST_TK  shift, and go to state 13
    TIPO_TK   shift, and go to state 6
    VAR_TK    shift, and go to state 14

    $default  reduce using rule 13 (declaraciones)

    bloque_alg         go to state 15
    bloque             go to state 16
    declaraciones      go to state 17
    declaracion_tipo   go to state 18
    declaracion_const  go to state 19
    declaracion_var    go to state 20


State 8

    2 cabecera_alg: decl_globales • decl_a_f decl_ent_sal PRECONDICION_TK

    ACCION_TK   shift, and go to state 21
    FUNCION_TK  shift, and go to state 22

    $default  reduce using rule 8 (decl_a_f)

    decl_a_f   go to state 23
    accion_d   go to state 24
    funcion_d  go to state 25


State 9

    4 decl_globales: declaracion_tipo • decl_globales

    TIPO_TK  shift, and go to state 6

    $default  reduce using rule 5 (decl_globales)

    decl_globales     go to state 26
    declaracion_tipo  go to state 9


State 10

   22 lista_d_tipo: ID_TK • IGUAL_TK d_tipo PUNTOYCOMA_TK lista_d_tipo

    IGUAL_TK  shift, and go to state 27


State 11

   23 lista_d_tipo: IDBOOLEANO_TK • IGUAL_TK d_tipo PUNTOYCOMA_TK lista_d_tipo

    IGUAL_TK  shift, and go to state 28


State 12

   19 declaracion_tipo: TIPO_TK lista_d_tipo • FTIPO_TK PUNTOYCOMA_TK

    FTIPO_TK  shift, and go to state 29


State 13

   20 declaracion_const: CONST_TK • lista_d_const FCONST_TK PUNTOYCOMA_TK

    ID_TK          shift, and go to state 30
    IDBOOLEANO_TK  shift, and go to state 31

    $default  reduce using rule 27 (lista_d_const)

    lista_d_const  go to state 32


State 14

   21 declaracion_var: VAR_TK • lista_d_var FVAR_TK PUNTOYCOMA_TK

    ID_TK          shift, and go to state 33
    IDBOOLEANO_TK  shift, and go to state 34

    $default  reduce using rule 34 (lista_d_var)

    lista_d_var  go to state 35
    lista_id     go to state 36


State 15

    1 desc_algoritmo: ALGORITMO_TK ID_TK PUNTOYCOMA_TK cabecera_alg bloque_alg • FALGORITMO_TK PUNTO_TK

    FALGORITMO_TK  shift, and go to state 37


State 16

    3 bloque_alg: bloque • POSTCONDICION_TK

    POSTCONDICION_TK  shift, and go to state 38


State 17

    9 bloque: declaraciones • instrucciones

    ID_TK                shift, and go to state 39
    IDBOOLEANO_TK        shift, and go to state 40
    LITERAL_BOOLEANO_TK  shift, and go to state 41
    LITERAL_ENTERO_TK    shift, and go to state 42
    LITERAL_REAL_TK      shift, and go to state 43
    LITERAL_CADENA_TK    shift, and go to state 44
    LITERAL_CARACTER_TK  shift, and go to state 45
    CONTINUAR_TK         shift, and go to state 46
    MIENTRAS_TK          shift, and go to state 47
    PARA_TK              shift, and go to state 48
    SI_TK                shift, and go to state 49

    literal            go to state 50
    operando           go to state 51
    operando_booleano  go to state 52
    instrucciones      go to state 53
    instruccion        go to state 54
    asignacion         go to state 55
    alternativa        go to state 56
    iteracion          go to state 57
    it_cota_fija       go to state 58
    it_cota_exp        go to state 59
    accion_ll          go to state 60


State 18

   10 declaraciones: declaracion_tipo • declaraciones

    CONST_TK  shift, and go to state 13
    TIPO_TK   shift, and go to state 6
    VAR_TK    shift, and go to state 14

    $default  reduce using rule 13 (declaraciones)

    declaraciones      go to state 61
    declaracion_tipo   go to state 18
    declaracion_const  go to state 19
    declaracion_var    go to state 20


State 19

   11 declaraciones: declaracion_const • declaraciones

    CONST_TK  shift, and go to state 13
    TIPO_TK   shift, and go to state 6
    VAR_TK    shift, and go to state 14

    $default  reduce using rule 13 (declaraciones)

    declaraciones      go to state 62
    declaracion_tipo   go to state 18
    declaracion_const  go to state 19
    declaracion_var    go to state 20


State 20

   12 declaraciones: declaracion_var • declaraciones

    CONST_TK  shift, and go to state 13
    TIPO_TK   shift, and go to state 6
    VAR_TK    shift, and go to state 14

    $default  reduce using rule 13 (declaraciones)

    declaraciones      go to state 63
    declaracion_tipo   go to state 18
    declaracion_const  go to state 19
    declaracion_var    go to state 20


State 21

  103 accion_d: ACCION_TK • a_cabecera bloque FACCION_TK

    ID_TK  shift, and go to state 64

    a_cabecera  go to state 65


State 22

  104 funcion_d: FUNCION_TK • f_cabecera bloque DEV_TK expresion FFUNCION_TK

    ID_TK  shift, and go to state 66

    f_cabecera  go to state 67


State 23

    2 cabecera_alg: decl_globales decl_a_f • decl_ent_sal PRECONDICION_TK

    ENT_TK  shift, and go to state 68
    SAL_TK  shift, and go to state 69

    decl_ent_sal  go to state 70
    decl_ent      go to state 71
    decl_salida   go to state 72


State 24

    6 decl_a_f: accion_d • decl_a_f

    ACCION_TK   shift, and go to state 21
    FUNCION_TK  shift, and go to state 22

    $default  reduce using rule 8 (decl_a_f)

    decl_a_f   go to state 73
    accion_d   go to state 24
    funcion_d  go to state 25


State 25

    7 decl_a_f: funcion_d • decl_a_f

    ACCION_TK   shift, and go to state 21
    FUNCION_TK  shift, and go to state 22

    $default  reduce using rule 8 (decl_a_f)

    decl_a_f   go to state 74
    accion_d   go to state 24
    funcion_d  go to state 25


State 26

    4 decl_globales: declaracion_tipo decl_globales •

    $default  reduce using rule 4 (decl_globales)


State 27

   22 lista_d_tipo: ID_TK IGUAL_TK • d_tipo PUNTOYCOMA_TK lista_d_tipo

    MAS_TK                  shift, and go to state 75
    MENOS_TK                shift, and go to state 76
    ID_TK                   shift, and go to state 77
    IDBOOLEANO_TK           shift, and go to state 40
    LITERAL_BOOLEANO_TK     shift, and go to state 41
    LITERAL_ENTERO_TK       shift, and go to state 42
    LITERAL_REAL_TK         shift, and go to state 43
    LITERAL_CADENA_TK       shift, and go to state 44
    LITERAL_CARACTER_TK     shift, and go to state 45
    BOOLEANO_TK             shift, and go to state 78
    CADENA_TK               shift, and go to state 79
    CARACTER_TK             shift, and go to state 80
    ENTERO_TK               shift, and go to state 81
    FALSO_TK                shift, and go to state 82
    NO_TK                   shift, and go to state 83
    REAL_TK                 shift, and go to state 84
    REF_TK                  shift, and go to state 85
    TABLA_TK                shift, and go to state 86
    TUPLA_TK                shift, and go to state 87
    VERDADERO_TK            shift, and go to state 88
    PARENTESIS_APERTURA_TK  shift, and go to state 89

    literal            go to state 90
    d_tipo             go to state 91
    expresion_t        go to state 92
    tipo_base          go to state 93
    expresion          go to state 94
    exp_a              go to state 95
    exp_b              go to state 96
    operando           go to state 97
    operando_booleano  go to state 98
    funcion_ll         go to state 99


State 28

   23 lista_d_tipo: IDBOOLEANO_TK IGUAL_TK • d_tipo PUNTOYCOMA_TK lista_d_tipo

    MAS_TK                  shift, and go to state 75
    MENOS_TK                shift, and go to state 76
    ID_TK                   shift, and go to state 77
    IDBOOLEANO_TK           shift, and go to state 40
    LITERAL_BOOLEANO_TK     shift, and go to state 41
    LITERAL_ENTERO_TK       shift, and go to state 42
    LITERAL_REAL_TK         shift, and go to state 43
    LITERAL_CADENA_TK       shift, and go to state 44
    LITERAL_CARACTER_TK     shift, and go to state 45
    BOOLEANO_TK             shift, and go to state 78
    CADENA_TK               shift, and go to state 79
    CARACTER_TK             shift, and go to state 80
    ENTERO_TK               shift, and go to state 81
    FALSO_TK                shift, and go to state 82
    NO_TK                   shift, and go to state 83
    REAL_TK                 shift, and go to state 84
    REF_TK                  shift, and go to state 85
    TABLA_TK                shift, and go to state 86
    TUPLA_TK                shift, and go to state 87
    VERDADERO_TK            shift, and go to state 88
    PARENTESIS_APERTURA_TK  shift, and go to state 89

    literal            go to state 90
    d_tipo             go to state 100
    expresion_t        go to state 92
    tipo_base          go to state 93
    expresion          go to state 94
    exp_a              go to state 95
    exp_b              go to state 96
    operando           go to state 97
    operando_booleano  go to state 98
    funcion_ll         go to state 99


State 29

   19 declaracion_tipo: TIPO_TK lista_d_tipo FTIPO_TK • PUNTOYCOMA_TK

    PUNTOYCOMA_TK  shift, and go to state 101


State 30

   25 lista_d_const: ID_TK • IGUAL_TK literal PUNTOYCOMA_TK lista_d_const

    IGUAL_TK  shift, and go to state 102


State 31

   26 lista_d_const: IDBOOLEANO_TK • IGUAL_TK literal PUNTOYCOMA_TK lista_d_const

    IGUAL_TK  shift, and go to state 103


State 32

   20 declaracion_const: CONST_TK lista_d_const • FCONST_TK PUNTOYCOMA_TK

    FCONST_TK  shift, and go to state 104


State 33

   35 lista_id: ID_TK •
   36         | ID_TK • COMA_TK lista_id

    COMA_TK  shift, and go to state 105

    $default  reduce using rule 35 (lista_id)


State 34

   37 lista_id: IDBOOLEANO_TK •
   38         | IDBOOLEANO_TK • COMA_TK lista_id

    COMA_TK  shift, and go to state 106

    $default  reduce using rule 37 (lista_id)


State 35

   21 declaracion_var: VAR_TK lista_d_var • FVAR_TK PUNTOYCOMA_TK

    FVAR_TK  shift, and go to state 107


State 36

   33 lista_d_var: lista_id • DOSPUNTOS_TK d_tipo PUNTOYCOMA_TK lista_d_var

    DOSPUNTOS_TK  shift, and go to state 108


State 37

    1 desc_algoritmo: ALGORITMO_TK ID_TK PUNTOYCOMA_TK cabecera_alg bloque_alg FALGORITMO_TK • PUNTO_TK

    PUNTO_TK  shift, and go to state 109


State 38

    3 bloque_alg: bloque POSTCONDICION_TK •

    $default  reduce using rule 3 (bloque_alg)


State 39

   81 operando: ID_TK •
  112 accion_ll: ID_TK • PARENTESIS_APERTURA_TK l_ll PARENTESIS_CIERRE_TK

    PARENTESIS_APERTURA_TK  shift, and go to state 110

    $default  reduce using rule 81 (operando)


State 40

   86 operando_booleano: IDBOOLEANO_TK •

    $default  reduce using rule 86 (operando_booleano)


State 41

   28 literal: LITERAL_BOOLEANO_TK •

    $default  reduce using rule 28 (literal)


State 42

   31 literal: LITERAL_ENTERO_TK •

    $default  reduce using rule 31 (literal)


State 43

   32 literal: LITERAL_REAL_TK •

    $default  reduce using rule 32 (literal)


State 44

   29 literal: LITERAL_CADENA_TK •

    $default  reduce using rule 29 (literal)


State 45

   30 literal: LITERAL_CARACTER_TK •

    $default  reduce using rule 30 (literal)


State 46

   89 instruccion: CONTINUAR_TK •

    $default  reduce using rule 89 (instruccion)


State 47

  101 it_cota_fija: MIENTRAS_TK • expresion HACER_TK instrucciones FMIENTRAS_TK

    MAS_TK                  shift, and go to state 75
    MENOS_TK                shift, and go to state 76
    ID_TK                   shift, and go to state 111
    IDBOOLEANO_TK           shift, and go to state 40
    LITERAL_BOOLEANO_TK     shift, and go to state 41
    LITERAL_ENTERO_TK       shift, and go to state 42
    LITERAL_REAL_TK         shift, and go to state 43
    LITERAL_CADENA_TK       shift, and go to state 44
    LITERAL_CARACTER_TK     shift, and go to state 45
    FALSO_TK                shift, and go to state 82
    NO_TK                   shift, and go to state 83
    VERDADERO_TK            shift, and go to state 88
    PARENTESIS_APERTURA_TK  shift, and go to state 89

    literal            go to state 50
    expresion          go to state 112
    exp_a              go to state 95
    exp_b              go to state 96
    operando           go to state 97
    operando_booleano  go to state 98
    funcion_ll         go to state 99


State 48

  102 it_cota_exp: PARA_TK • ID_TK ASIGNACION_TK expresion HASTA_TK expresion HACER_TK instrucciones FPARA_TK

    ID_TK  shift, and go to state 113


State 49

   96 alternativa: SI_TK • expresion ENTONCES_TK instrucciones lista_opciones FSI_TK

    MAS_TK                  shift, and go to state 75
    MENOS_TK                shift, and go to state 76
    ID_TK                   shift, and go to state 111
    IDBOOLEANO_TK           shift, and go to state 40
    LITERAL_BOOLEANO_TK     shift, and go to state 41
    LITERAL_ENTERO_TK       shift, and go to state 42
    LITERAL_REAL_TK         shift, and go to state 43
    LITERAL_CADENA_TK       shift, and go to state 44
    LITERAL_CARACTER_TK     shift, and go to state 45
    FALSO_TK                shift, and go to state 82
    NO_TK                   shift, and go to state 83
    VERDADERO_TK            shift, and go to state 88
    PARENTESIS_APERTURA_TK  shift, and go to state 89

    literal            go to state 50
    expresion          go to state 114
    exp_a              go to state 95
    exp_b              go to state 96
    operando           go to state 97
    operando_booleano  go to state 98
    funcion_ll         go to state 99


State 50

   85 operando: literal •

    $default  reduce using rule 85 (operando)


State 51

   82 operando: operando • PUNTO_TK ID_TK
   83         | operando • INICIO_ARRAY_TK expresion CIERRE_ARRAY_TK
   84         | operando • REF_TK
   94 asignacion: operando • ASIGNACION_TK expresion

    REF_TK           shift, and go to state 115
    ASIGNACION_TK    shift, and go to state 116
    INICIO_ARRAY_TK  shift, and go to state 117
    PUNTO_TK         shift, and go to state 118


State 52

   95 asignacion: operando_booleano • ASIGNACION_TK expresion

    ASIGNACION_TK  shift, and go to state 119


State 53

    9 bloque: declaraciones instrucciones •

    $default  reduce using rule 9 (bloque)


State 54

   87 instrucciones: instruccion • PUNTOYCOMA_TK instrucciones
   88              | instruccion •

    PUNTOYCOMA_TK  shift, and go to state 120

    $default  reduce using rule 88 (instrucciones)


State 55

   90 instruccion: asignacion •

    $default  reduce using rule 90 (instruccion)


State 56

   91 instruccion: alternativa •

    $default  reduce using rule 91 (instruccion)


State 57

   92 instruccion: iteracion •

    $default  reduce using rule 92 (instruccion)


State 58

   99 iteracion: it_cota_fija •

    $default  reduce using rule 99 (iteracion)


State 59

  100 iteracion: it_cota_exp •

    $default  reduce using rule 100 (iteracion)


State 60

   93 instruccion: accion_ll •

    $default  reduce using rule 93 (instruccion)


State 61

   10 declaraciones: declaracion_tipo declaraciones •

    $default  reduce using rule 10 (declaraciones)


State 62

   11 declaraciones: declaracion_const declaraciones •

    $default  reduce using rule 11 (declaraciones)


State 63

   12 declaraciones: declaracion_var declaraciones •

    $default  reduce using rule 12 (declaraciones)


State 64

  105 a_cabecera: ID_TK • PARENTESIS_APERTURA_TK d_par_form PARENTESIS_CIERRE_TK PUNTOYCOMA_TK

    PARENTESIS_APERTURA_TK  shift, and go to state 121


State 65

  103 accion_d: ACCION_TK a_cabecera • bloque FACCION_TK

    CONST_TK  shift, and go to state 13
    TIPO_TK   shift, and go to state 6
    VAR_TK    shift, and go to state 14

    $default  reduce using rule 13 (declaraciones)

    bloque             go to state 122
    declaraciones      go to state 17
    declaracion_tipo   go to state 18
    declaracion_const  go to state 19
    declaracion_var    go to state 20


State 66

  106 f_cabecera: ID_TK • PARENTESIS_APERTURA_TK lista_d_var PARENTESIS_CIERRE_TK DEV_TK d_tipo PUNTOYCOMA_TK

    PARENTESIS_APERTURA_TK  shift, and go to state 123


State 67

  104 funcion_d: FUNCION_TK f_cabecera • bloque DEV_TK expresion FFUNCION_TK

    CONST_TK  shift, and go to state 13
    TIPO_TK   shift, and go to state 6
    VAR_TK    shift, and go to state 14

    $default  reduce using rule 13 (declaraciones)

    bloque             go to state 124
    declaraciones      go to state 17
    declaracion_tipo   go to state 18
    declaracion_const  go to state 19
    declaracion_var    go to state 20


State 68

   17 decl_ent: ENT_TK • lista_d_var

    ID_TK          shift, and go to state 33
    IDBOOLEANO_TK  shift, and go to state 34

    $default  reduce using rule 34 (lista_d_var)

    lista_d_var  go to state 125
    lista_id     go to state 36


State 69

   18 decl_salida: SAL_TK • lista_d_var

    ID_TK          shift, and go to state 33
    IDBOOLEANO_TK  shift, and go to state 34

    $default  reduce using rule 34 (lista_d_var)

    lista_d_var  go to state 126
    lista_id     go to state 36


State 70

    2 cabecera_alg: decl_globales decl_a_f decl_ent_sal • PRECONDICION_TK

    PRECONDICION_TK  shift, and go to state 127


State 71

   14 decl_ent_sal: decl_ent •
   15             | decl_ent • decl_salida

    SAL_TK  shift, and go to state 69

    $default  reduce using rule 14 (decl_ent_sal)

    decl_salida  go to state 128


State 72

   16 decl_ent_sal: decl_salida •

    $default  reduce using rule 16 (decl_ent_sal)


State 73

    6 decl_a_f: accion_d decl_a_f •

    $default  reduce using rule 6 (decl_a_f)


State 74

    7 decl_a_f: funcion_d decl_a_f •

    $default  reduce using rule 7 (decl_a_f)


State 75

   66 exp_a: MAS_TK • exp_a

    MAS_TK                  shift, and go to state 75
    MENOS_TK                shift, and go to state 76
    ID_TK                   shift, and go to state 129
    LITERAL_BOOLEANO_TK     shift, and go to state 41
    LITERAL_ENTERO_TK       shift, and go to state 42
    LITERAL_REAL_TK         shift, and go to state 43
    LITERAL_CADENA_TK       shift, and go to state 44
    LITERAL_CARACTER_TK     shift, and go to state 45
    PARENTESIS_APERTURA_TK  shift, and go to state 130

    literal   go to state 50
    exp_a     go to state 131
    operando  go to state 97


State 76

   65 exp_a: MENOS_TK • exp_a

    MAS_TK                  shift, and go to state 75
    MENOS_TK                shift, and go to state 76
    ID_TK                   shift, and go to state 129
    LITERAL_BOOLEANO_TK     shift, and go to state 41
    LITERAL_ENTERO_TK       shift, and go to state 42
    LITERAL_REAL_TK         shift, and go to state 43
    LITERAL_CADENA_TK       shift, and go to state 44
    LITERAL_CARACTER_TK     shift, and go to state 45
    PARENTESIS_APERTURA_TK  shift, and go to state 130

    literal   go to state 50
    exp_a     go to state 132
    operando  go to state 97


State 77

   41 d_tipo: ID_TK •
   81 operando: ID_TK •
  113 funcion_ll: ID_TK • PARENTESIS_APERTURA_TK l_ll PARENTESIS_CIERRE_TK

    PARENTESIS_APERTURA_TK  shift, and go to state 133

    PUNTOYCOMA_TK  reduce using rule 41 (d_tipo)
    $default       reduce using rule 81 (operando)


State 78

   50 tipo_base: BOOLEANO_TK •

    $default  reduce using rule 50 (tipo_base)


State 79

   53 tipo_base: CADENA_TK •

    $default  reduce using rule 53 (tipo_base)


State 80

   51 tipo_base: CARACTER_TK •

    $default  reduce using rule 51 (tipo_base)


State 81

   49 tipo_base: ENTERO_TK •

    $default  reduce using rule 49 (tipo_base)


State 82

   72 exp_b: FALSO_TK •

    $default  reduce using rule 72 (exp_b)


State 83

   69 exp_b: NO_TK • exp_b

    MAS_TK                  shift, and go to state 75
    MENOS_TK                shift, and go to state 76
    ID_TK                   shift, and go to state 129
    IDBOOLEANO_TK           shift, and go to state 40
    LITERAL_BOOLEANO_TK     shift, and go to state 41
    LITERAL_ENTERO_TK       shift, and go to state 42
    LITERAL_REAL_TK         shift, and go to state 43
    LITERAL_CADENA_TK       shift, and go to state 44
    LITERAL_CARACTER_TK     shift, and go to state 45
    FALSO_TK                shift, and go to state 82
    NO_TK                   shift, and go to state 83
    VERDADERO_TK            shift, and go to state 88
    PARENTESIS_APERTURA_TK  shift, and go to state 89

    literal            go to state 50
    exp_a              go to state 134
    exp_b              go to state 135
    operando           go to state 97
    operando_booleano  go to state 98


State 84

   52 tipo_base: REAL_TK •

    $default  reduce using rule 52 (tipo_base)


State 85

   43 d_tipo: REF_TK • d_tipo

    MAS_TK                  shift, and go to state 75
    MENOS_TK                shift, and go to state 76
    ID_TK                   shift, and go to state 77
    IDBOOLEANO_TK           shift, and go to state 40
    LITERAL_BOOLEANO_TK     shift, and go to state 41
    LITERAL_ENTERO_TK       shift, and go to state 42
    LITERAL_REAL_TK         shift, and go to state 43
    LITERAL_CADENA_TK       shift, and go to state 44
    LITERAL_CARACTER_TK     shift, and go to state 45
    BOOLEANO_TK             shift, and go to state 78
    CADENA_TK               shift, and go to state 79
    CARACTER_TK             shift, and go to state 80
    ENTERO_TK               shift, and go to state 81
    FALSO_TK                shift, and go to state 82
    NO_TK                   shift, and go to state 83
    REAL_TK                 shift, and go to state 84
    REF_TK                  shift, and go to state 85
    TABLA_TK                shift, and go to state 86
    TUPLA_TK                shift, and go to state 87
    VERDADERO_TK            shift, and go to state 88
    PARENTESIS_APERTURA_TK  shift, and go to state 89

    literal            go to state 90
    d_tipo             go to state 136
    expresion_t        go to state 92
    tipo_base          go to state 93
    expresion          go to state 94
    exp_a              go to state 95
    exp_b              go to state 96
    operando           go to state 97
    operando_booleano  go to state 98
    funcion_ll         go to state 99


State 86

   40 d_tipo: TABLA_TK • INICIO_ARRAY_TK expresion_t DOBLEPUNTO_TK expresion_t CIERRE_ARRAY_TK DE_TK d_tipo

    INICIO_ARRAY_TK  shift, and go to state 137


State 87

   39 d_tipo: TUPLA_TK • lista_campos FTUPLA_TK

    ID_TK  shift, and go to state 138

    $default  reduce using rule 48 (lista_campos)

    lista_campos  go to state 139


State 88

   71 exp_b: VERDADERO_TK •

    $default  reduce using rule 71 (exp_b)


State 89

   63 exp_a: PARENTESIS_APERTURA_TK • exp_a PARENTESIS_CIERRE_TK
   74 exp_b: PARENTESIS_APERTURA_TK • exp_b PARENTESIS_CIERRE_TK

    MAS_TK                  shift, and go to state 75
    MENOS_TK                shift, and go to state 76
    ID_TK                   shift, and go to state 129
    IDBOOLEANO_TK           shift, and go to state 40
    LITERAL_BOOLEANO_TK     shift, and go to state 41
    LITERAL_ENTERO_TK       shift, and go to state 42
    LITERAL_REAL_TK         shift, and go to state 43
    LITERAL_CADENA_TK       shift, and go to state 44
    LITERAL_CARACTER_TK     shift, and go to state 45
    FALSO_TK                shift, and go to state 82
    NO_TK                   shift, and go to state 83
    VERDADERO_TK            shift, and go to state 88
    PARENTESIS_APERTURA_TK  shift, and go to state 89

    literal            go to state 50
    exp_a              go to state 140
    exp_b              go to state 141
    operando           go to state 97
    operando_booleano  go to state 98


State 90

   46 expresion_t: literal •
   85 operando: literal •

    PUNTOYCOMA_TK    reduce using rule 46 (expresion_t)
    PUNTOYCOMA_TK    [reduce using rule 85 (operando)]
    CIERRE_ARRAY_TK  reduce using rule 46 (expresion_t)
    CIERRE_ARRAY_TK  [reduce using rule 85 (operando)]
    DOBLEPUNTO_TK    reduce using rule 46 (expresion_t)
    DOBLEPUNTO_TK    [reduce using rule 85 (operando)]
    $default         reduce using rule 85 (operando)


State 91

   22 lista_d_tipo: ID_TK IGUAL_TK d_tipo • PUNTOYCOMA_TK lista_d_tipo

    PUNTOYCOMA_TK  shift, and go to state 142


State 92

   42 d_tipo: expresion_t • DOBLEPUNTO_TK expresion_t

    DOBLEPUNTO_TK  shift, and go to state 143


State 93

   44 d_tipo: tipo_base •

    $default  reduce using rule 44 (d_tipo)


State 94

   45 expresion_t: expresion •

    $default  reduce using rule 45 (expresion_t)


State 95

   55 expresion: exp_a •
   57 exp_a: exp_a • MAS_TK exp_a
   58      | exp_a • MENOS_TK exp_a
   59      | exp_a • MULTIPLICACION_TK exp_a
   60      | exp_a • DIVREAL_TK exp_a
   61      | exp_a • MOD_TK exp_a
   62      | exp_a • DIV_TK exp_a
   73 exp_b: exp_a • oprel exp_a

    MAS_TK             shift, and go to state 144
    MENOS_TK           shift, and go to state 145
    DIV_TK             shift, and go to state 146
    MOD_TK             shift, and go to state 147
    IGUAL_TK           shift, and go to state 148
    MULTIPLICACION_TK  shift, and go to state 149
    DIVREAL_TK         shift, and go to state 150
    MAYORIGUAL_TK      shift, and go to state 151
    MENORIGUAL_TK      shift, and go to state 152
    MAYOR_TK           shift, and go to state 153
    MENOR_TK           shift, and go to state 154
    DISTINTO_TK        shift, and go to state 155

    $default  reduce using rule 55 (expresion)

    oprel  go to state 156


State 96

   54 expresion: exp_b •
   67 exp_b: exp_b • Y_TK exp_b
   68      | exp_b • O_TK exp_b

    O_TK  shift, and go to state 157
    Y_TK  shift, and go to state 158

    $default  reduce using rule 54 (expresion)


State 97

   64 exp_a: operando •
   82 operando: operando • PUNTO_TK ID_TK
   83         | operando • INICIO_ARRAY_TK expresion CIERRE_ARRAY_TK
   84         | operando • REF_TK

    REF_TK           shift, and go to state 115
    INICIO_ARRAY_TK  shift, and go to state 117
    PUNTO_TK         shift, and go to state 118

    $default  reduce using rule 64 (exp_a)


State 98

   70 exp_b: operando_booleano •

    $default  reduce using rule 70 (exp_b)


State 99

   56 expresion: funcion_ll •

    $default  reduce using rule 56 (expresion)


State 100

   23 lista_d_tipo: IDBOOLEANO_TK IGUAL_TK d_tipo • PUNTOYCOMA_TK lista_d_tipo

    PUNTOYCOMA_TK  shift, and go to state 159


State 101

   19 declaracion_tipo: TIPO_TK lista_d_tipo FTIPO_TK PUNTOYCOMA_TK •

    $default  reduce using rule 19 (declaracion_tipo)


State 102

   25 lista_d_const: ID_TK IGUAL_TK • literal PUNTOYCOMA_TK lista_d_const

    LITERAL_BOOLEANO_TK  shift, and go to state 41
    LITERAL_ENTERO_TK    shift, and go to state 42
    LITERAL_REAL_TK      shift, and go to state 43
    LITERAL_CADENA_TK    shift, and go to state 44
    LITERAL_CARACTER_TK  shift, and go to state 45

    literal  go to state 160


State 103

   26 lista_d_const: IDBOOLEANO_TK IGUAL_TK • literal PUNTOYCOMA_TK lista_d_const

    LITERAL_BOOLEANO_TK  shift, and go to state 41
    LITERAL_ENTERO_TK    shift, and go to state 42
    LITERAL_REAL_TK      shift, and go to state 43
    LITERAL_CADENA_TK    shift, and go to state 44
    LITERAL_CARACTER_TK  shift, and go to state 45

    literal  go to state 161


State 104

   20 declaracion_const: CONST_TK lista_d_const FCONST_TK • PUNTOYCOMA_TK

    PUNTOYCOMA_TK  shift, and go to state 162


State 105

   36 lista_id: ID_TK COMA_TK • lista_id

    ID_TK          shift, and go to state 33
    IDBOOLEANO_TK  shift, and go to state 34

    lista_id  go to state 163


State 106

   38 lista_id: IDBOOLEANO_TK COMA_TK • lista_id

    ID_TK          shift, and go to state 33
    IDBOOLEANO_TK  shift, and go to state 34

    lista_id  go to state 164


State 107

   21 declaracion_var: VAR_TK lista_d_var FVAR_TK • PUNTOYCOMA_TK

    PUNTOYCOMA_TK  shift, and go to state 165


State 108

   33 lista_d_var: lista_id DOSPUNTOS_TK • d_tipo PUNTOYCOMA_TK lista_d_var

    MAS_TK                  shift, and go to state 75
    MENOS_TK                shift, and go to state 76
    ID_TK                   shift, and go to state 77
    IDBOOLEANO_TK           shift, and go to state 40
    LITERAL_BOOLEANO_TK     shift, and go to state 41
    LITERAL_ENTERO_TK       shift, and go to state 42
    LITERAL_REAL_TK         shift, and go to state 43
    LITERAL_CADENA_TK       shift, and go to state 44
    LITERAL_CARACTER_TK     shift, and go to state 45
    BOOLEANO_TK             shift, and go to state 78
    CADENA_TK               shift, and go to state 79
    CARACTER_TK             shift, and go to state 80
    ENTERO_TK               shift, and go to state 81
    FALSO_TK                shift, and go to state 82
    NO_TK                   shift, and go to state 83
    REAL_TK                 shift, and go to state 84
    REF_TK                  shift, and go to state 85
    TABLA_TK                shift, and go to state 86
    TUPLA_TK                shift, and go to state 87
    VERDADERO_TK            shift, and go to state 88
    PARENTESIS_APERTURA_TK  shift, and go to state 89

    literal            go to state 90
    d_tipo             go to state 166
    expresion_t        go to state 92
    tipo_base          go to state 93
    expresion          go to state 94
    exp_a              go to state 95
    exp_b              go to state 96
    operando           go to state 97
    operando_booleano  go to state 98
    funcion_ll         go to state 99


State 109

    1 desc_algoritmo: ALGORITMO_TK ID_TK PUNTOYCOMA_TK cabecera_alg bloque_alg FALGORITMO_TK PUNTO_TK •

    $default  reduce using rule 1 (desc_algoritmo)


State 110

  112 accion_ll: ID_TK PARENTESIS_APERTURA_TK • l_ll PARENTESIS_CIERRE_TK

    MAS_TK                  shift, and go to state 75
    MENOS_TK                shift, and go to state 76
    ID_TK                   shift, and go to state 111
    IDBOOLEANO_TK           shift, and go to state 40
    LITERAL_BOOLEANO_TK     shift, and go to state 41
    LITERAL_ENTERO_TK       shift, and go to state 42
    LITERAL_REAL_TK         shift, and go to state 43
    LITERAL_CADENA_TK       shift, and go to state 44
    LITERAL_CARACTER_TK     shift, and go to state 45
    FALSO_TK                shift, and go to state 82
    NO_TK                   shift, and go to state 83
    VERDADERO_TK            shift, and go to state 88
    PARENTESIS_APERTURA_TK  shift, and go to state 89

    literal            go to state 50
    expresion          go to state 167
    exp_a              go to state 95
    exp_b              go to state 96
    operando           go to state 97
    operando_booleano  go to state 98
    funcion_ll         go to state 99
    l_ll               go to state 168


State 111

   81 operando: ID_TK •
  113 funcion_ll: ID_TK • PARENTESIS_APERTURA_TK l_ll PARENTESIS_CIERRE_TK

    PARENTESIS_APERTURA_TK  shift, and go to state 133

    $default  reduce using rule 81 (operando)


State 112

  101 it_cota_fija: MIENTRAS_TK expresion • HACER_TK instrucciones FMIENTRAS_TK

    HACER_TK  shift, and go to state 169


State 113

  102 it_cota_exp: PARA_TK ID_TK • ASIGNACION_TK expresion HASTA_TK expresion HACER_TK instrucciones FPARA_TK

    ASIGNACION_TK  shift, and go to state 170


State 114

   96 alternativa: SI_TK expresion • ENTONCES_TK instrucciones lista_opciones FSI_TK

    ENTONCES_TK  shift, and go to state 171


State 115

   84 operando: operando REF_TK •

    $default  reduce using rule 84 (operando)


State 116

   94 asignacion: operando ASIGNACION_TK • expresion

    MAS_TK                  shift, and go to state 75
    MENOS_TK                shift, and go to state 76
    ID_TK                   shift, and go to state 111
    IDBOOLEANO_TK           shift, and go to state 40
    LITERAL_BOOLEANO_TK     shift, and go to state 41
    LITERAL_ENTERO_TK       shift, and go to state 42
    LITERAL_REAL_TK         shift, and go to state 43
    LITERAL_CADENA_TK       shift, and go to state 44
    LITERAL_CARACTER_TK     shift, and go to state 45
    FALSO_TK                shift, and go to state 82
    NO_TK                   shift, and go to state 83
    VERDADERO_TK            shift, and go to state 88
    PARENTESIS_APERTURA_TK  shift, and go to state 89

    literal            go to state 50
    expresion          go to state 172
    exp_a              go to state 95
    exp_b              go to state 96
    operando           go to state 97
    operando_booleano  go to state 98
    funcion_ll         go to state 99


State 117

   83 operando: operando INICIO_ARRAY_TK • expresion CIERRE_ARRAY_TK

    MAS_TK                  shift, and go to state 75
    MENOS_TK                shift, and go to state 76
    ID_TK                   shift, and go to state 111
    IDBOOLEANO_TK           shift, and go to state 40
    LITERAL_BOOLEANO_TK     shift, and go to state 41
    LITERAL_ENTERO_TK       shift, and go to state 42
    LITERAL_REAL_TK         shift, and go to state 43
    LITERAL_CADENA_TK       shift, and go to state 44
    LITERAL_CARACTER_TK     shift, and go to state 45
    FALSO_TK                shift, and go to state 82
    NO_TK                   shift, and go to state 83
    VERDADERO_TK            shift, and go to state 88
    PARENTESIS_APERTURA_TK  shift, and go to state 89

    literal            go to state 50
    expresion          go to state 173
    exp_a              go to state 95
    exp_b              go to state 96
    operando           go to state 97
    operando_booleano  go to state 98
    funcion_ll         go to state 99


State 118

   82 operando: operando PUNTO_TK • ID_TK

    ID_TK  shift, and go to state 174


State 119

   95 asignacion: operando_booleano ASIGNACION_TK • expresion

    MAS_TK                  shift, and go to state 75
    MENOS_TK                shift, and go to state 76
    ID_TK                   shift, and go to state 111
    IDBOOLEANO_TK           shift, and go to state 40
    LITERAL_BOOLEANO_TK     shift, and go to state 41
    LITERAL_ENTERO_TK       shift, and go to state 42
    LITERAL_REAL_TK         shift, and go to state 43
    LITERAL_CADENA_TK       shift, and go to state 44
    LITERAL_CARACTER_TK     shift, and go to state 45
    FALSO_TK                shift, and go to state 82
    NO_TK                   shift, and go to state 83
    VERDADERO_TK            shift, and go to state 88
    PARENTESIS_APERTURA_TK  shift, and go to state 89

    literal            go to state 50
    expresion          go to state 175
    exp_a              go to state 95
    exp_b              go to state 96
    operando           go to state 97
    operando_booleano  go to state 98
    funcion_ll         go to state 99


State 120

   87 instrucciones: instruccion PUNTOYCOMA_TK • instrucciones

    ID_TK                shift, and go to state 39
    IDBOOLEANO_TK        shift, and go to state 40
    LITERAL_BOOLEANO_TK  shift, and go to state 41
    LITERAL_ENTERO_TK    shift, and go to state 42
    LITERAL_REAL_TK      shift, and go to state 43
    LITERAL_CADENA_TK    shift, and go to state 44
    LITERAL_CARACTER_TK  shift, and go to state 45
    CONTINUAR_TK         shift, and go to state 46
    MIENTRAS_TK          shift, and go to state 47
    PARA_TK              shift, and go to state 48
    SI_TK                shift, and go to state 49

    literal            go to state 50
    operando           go to state 51
    operando_booleano  go to state 52
    instrucciones      go to state 176
    instruccion        go to state 54
    asignacion         go to state 55
    alternativa        go to state 56
    iteracion          go to state 57
    it_cota_fija       go to state 58
    it_cota_exp        go to state 59
    accion_ll          go to state 60


State 121

  105 a_cabecera: ID_TK PARENTESIS_APERTURA_TK • d_par_form PARENTESIS_CIERRE_TK PUNTOYCOMA_TK

    ENT_TK  shift, and go to state 177
    E_S_TK  shift, and go to state 178
    SAL_TK  shift, and go to state 179

    $default  reduce using rule 108 (d_par_form)

    d_par_form  go to state 180
    d_p_form    go to state 181


State 122

  103 accion_d: ACCION_TK a_cabecera bloque • FACCION_TK

    FACCION_TK  shift, and go to state 182


State 123

  106 f_cabecera: ID_TK PARENTESIS_APERTURA_TK • lista_d_var PARENTESIS_CIERRE_TK DEV_TK d_tipo PUNTOYCOMA_TK

    ID_TK          shift, and go to state 33
    IDBOOLEANO_TK  shift, and go to state 34

    $default  reduce using rule 34 (lista_d_var)

    lista_d_var  go to state 183
    lista_id     go to state 36


State 124

  104 funcion_d: FUNCION_TK f_cabecera bloque • DEV_TK expresion FFUNCION_TK

    DEV_TK  shift, and go to state 184


State 125

   17 decl_ent: ENT_TK lista_d_var •

    $default  reduce using rule 17 (decl_ent)


State 126

   18 decl_salida: SAL_TK lista_d_var •

    $default  reduce using rule 18 (decl_salida)


State 127

    2 cabecera_alg: decl_globales decl_a_f decl_ent_sal PRECONDICION_TK •

    $default  reduce using rule 2 (cabecera_alg)


State 128

   15 decl_ent_sal: decl_ent decl_salida •

    $default  reduce using rule 15 (decl_ent_sal)


State 129

   81 operando: ID_TK •

    $default  reduce using rule 81 (operando)


State 130

   63 exp_a: PARENTESIS_APERTURA_TK • exp_a PARENTESIS_CIERRE_TK

    MAS_TK                  shift, and go to state 75
    MENOS_TK                shift, and go to state 76
    ID_TK                   shift, and go to state 129
    LITERAL_BOOLEANO_TK     shift, and go to state 41
    LITERAL_ENTERO_TK       shift, and go to state 42
    LITERAL_REAL_TK         shift, and go to state 43
    LITERAL_CADENA_TK       shift, and go to state 44
    LITERAL_CARACTER_TK     shift, and go to state 45
    PARENTESIS_APERTURA_TK  shift, and go to state 130

    literal   go to state 50
    exp_a     go to state 185
    operando  go to state 97


State 131

   57 exp_a: exp_a • MAS_TK exp_a
   58      | exp_a • MENOS_TK exp_a
   59      | exp_a • MULTIPLICACION_TK exp_a
   60      | exp_a • DIVREAL_TK exp_a
   61      | exp_a • MOD_TK exp_a
   62      | exp_a • DIV_TK exp_a
   66      | MAS_TK exp_a •

    $default  reduce using rule 66 (exp_a)


State 132

   57 exp_a: exp_a • MAS_TK exp_a
   58      | exp_a • MENOS_TK exp_a
   59      | exp_a • MULTIPLICACION_TK exp_a
   60      | exp_a • DIVREAL_TK exp_a
   61      | exp_a • MOD_TK exp_a
   62      | exp_a • DIV_TK exp_a
   65      | MENOS_TK exp_a •

    $default  reduce using rule 65 (exp_a)


State 133

  113 funcion_ll: ID_TK PARENTESIS_APERTURA_TK • l_ll PARENTESIS_CIERRE_TK

    MAS_TK                  shift, and go to state 75
    MENOS_TK                shift, and go to state 76
    ID_TK                   shift, and go to state 111
    IDBOOLEANO_TK           shift, and go to state 40
    LITERAL_BOOLEANO_TK     shift, and go to state 41
    LITERAL_ENTERO_TK       shift, and go to state 42
    LITERAL_REAL_TK         shift, and go to state 43
    LITERAL_CADENA_TK       shift, and go to state 44
    LITERAL_CARACTER_TK     shift, and go to state 45
    FALSO_TK                shift, and go to state 82
    NO_TK                   shift, and go to state 83
    VERDADERO_TK            shift, and go to state 88
    PARENTESIS_APERTURA_TK  shift, and go to state 89

    literal            go to state 50
    expresion          go to state 167
    exp_a              go to state 95
    exp_b              go to state 96
    operando           go to state 97
    operando_booleano  go to state 98
    funcion_ll         go to state 99
    l_ll               go to state 186


State 134

   57 exp_a: exp_a • MAS_TK exp_a
   58      | exp_a • MENOS_TK exp_a
   59      | exp_a • MULTIPLICACION_TK exp_a
   60      | exp_a • DIVREAL_TK exp_a
   61      | exp_a • MOD_TK exp_a
   62      | exp_a • DIV_TK exp_a
   73 exp_b: exp_a • oprel exp_a

    MAS_TK             shift, and go to state 144
    MENOS_TK           shift, and go to state 145
    DIV_TK             shift, and go to state 146
    MOD_TK             shift, and go to state 147
    IGUAL_TK           shift, and go to state 148
    MULTIPLICACION_TK  shift, and go to state 149
    DIVREAL_TK         shift, and go to state 150
    MAYORIGUAL_TK      shift, and go to state 151
    MENORIGUAL_TK      shift, and go to state 152
    MAYOR_TK           shift, and go to state 153
    MENOR_TK           shift, and go to state 154
    DISTINTO_TK        shift, and go to state 155

    oprel  go to state 156


State 135

   67 exp_b: exp_b • Y_TK exp_b
   68      | exp_b • O_TK exp_b
   69      | NO_TK exp_b •

    $default  reduce using rule 69 (exp_b)


State 136

   43 d_tipo: REF_TK d_tipo •

    $default  reduce using rule 43 (d_tipo)


State 137

   40 d_tipo: TABLA_TK INICIO_ARRAY_TK • expresion_t DOBLEPUNTO_TK expresion_t CIERRE_ARRAY_TK DE_TK d_tipo

    MAS_TK                  shift, and go to state 75
    MENOS_TK                shift, and go to state 76
    ID_TK                   shift, and go to state 111
    IDBOOLEANO_TK           shift, and go to state 40
    LITERAL_BOOLEANO_TK     shift, and go to state 41
    LITERAL_ENTERO_TK       shift, and go to state 42
    LITERAL_REAL_TK         shift, and go to state 43
    LITERAL_CADENA_TK       shift, and go to state 44
    LITERAL_CARACTER_TK     shift, and go to state 45
    FALSO_TK                shift, and go to state 82
    NO_TK                   shift, and go to state 83
    VERDADERO_TK            shift, and go to state 88
    PARENTESIS_APERTURA_TK  shift, and go to state 89

    literal            go to state 90
    expresion_t        go to state 187
    expresion          go to state 94
    exp_a              go to state 95
    exp_b              go to state 96
    operando           go to state 97
    operando_booleano  go to state 98
    funcion_ll         go to state 99


State 138

   47 lista_campos: ID_TK • DOSPUNTOS_TK d_tipo PUNTOYCOMA_TK lista_campos

    DOSPUNTOS_TK  shift, and go to state 188


State 139

   39 d_tipo: TUPLA_TK lista_campos • FTUPLA_TK

    FTUPLA_TK  shift, and go to state 189


State 140

   57 exp_a: exp_a • MAS_TK exp_a
   58      | exp_a • MENOS_TK exp_a
   59      | exp_a • MULTIPLICACION_TK exp_a
   60      | exp_a • DIVREAL_TK exp_a
   61      | exp_a • MOD_TK exp_a
   62      | exp_a • DIV_TK exp_a
   63      | PARENTESIS_APERTURA_TK exp_a • PARENTESIS_CIERRE_TK
   73 exp_b: exp_a • oprel exp_a

    MAS_TK                shift, and go to state 144
    MENOS_TK              shift, and go to state 145
    DIV_TK                shift, and go to state 146
    MOD_TK                shift, and go to state 147
    IGUAL_TK              shift, and go to state 148
    MULTIPLICACION_TK     shift, and go to state 149
    DIVREAL_TK            shift, and go to state 150
    MAYORIGUAL_TK         shift, and go to state 151
    MENORIGUAL_TK         shift, and go to state 152
    MAYOR_TK              shift, and go to state 153
    MENOR_TK              shift, and go to state 154
    DISTINTO_TK           shift, and go to state 155
    PARENTESIS_CIERRE_TK  shift, and go to state 190

    oprel  go to state 156


State 141

   67 exp_b: exp_b • Y_TK exp_b
   68      | exp_b • O_TK exp_b
   74      | PARENTESIS_APERTURA_TK exp_b • PARENTESIS_CIERRE_TK

    O_TK                  shift, and go to state 157
    Y_TK                  shift, and go to state 158
    PARENTESIS_CIERRE_TK  shift, and go to state 191


State 142

   22 lista_d_tipo: ID_TK IGUAL_TK d_tipo PUNTOYCOMA_TK • lista_d_tipo

    ID_TK          shift, and go to state 10
    IDBOOLEANO_TK  shift, and go to state 11

    $default  reduce using rule 24 (lista_d_tipo)

    lista_d_tipo  go to state 192


State 143

   42 d_tipo: expresion_t DOBLEPUNTO_TK • expresion_t

    MAS_TK                  shift, and go to state 75
    MENOS_TK                shift, and go to state 76
    ID_TK                   shift, and go to state 111
    IDBOOLEANO_TK           shift, and go to state 40
    LITERAL_BOOLEANO_TK     shift, and go to state 41
    LITERAL_ENTERO_TK       shift, and go to state 42
    LITERAL_REAL_TK         shift, and go to state 43
    LITERAL_CADENA_TK       shift, and go to state 44
    LITERAL_CARACTER_TK     shift, and go to state 45
    FALSO_TK                shift, and go to state 82
    NO_TK                   shift, and go to state 83
    VERDADERO_TK            shift, and go to state 88
    PARENTESIS_APERTURA_TK  shift, and go to state 89

    literal            go to state 90
    expresion_t        go to state 193
    expresion          go to state 94
    exp_a              go to state 95
    exp_b              go to state 96
    operando           go to state 97
    operando_booleano  go to state 98
    funcion_ll         go to state 99


State 144

   57 exp_a: exp_a MAS_TK • exp_a

    MAS_TK                  shift, and go to state 75
    MENOS_TK                shift, and go to state 76
    ID_TK                   shift, and go to state 129
    LITERAL_BOOLEANO_TK     shift, and go to state 41
    LITERAL_ENTERO_TK       shift, and go to state 42
    LITERAL_REAL_TK         shift, and go to state 43
    LITERAL_CADENA_TK       shift, and go to state 44
    LITERAL_CARACTER_TK     shift, and go to state 45
    PARENTESIS_APERTURA_TK  shift, and go to state 130

    literal   go to state 50
    exp_a     go to state 194
    operando  go to state 97


State 145

   58 exp_a: exp_a MENOS_TK • exp_a

    MAS_TK                  shift, and go to state 75
    MENOS_TK                shift, and go to state 76
    ID_TK                   shift, and go to state 129
    LITERAL_BOOLEANO_TK     shift, and go to state 41
    LITERAL_ENTERO_TK       shift, and go to state 42
    LITERAL_REAL_TK         shift, and go to state 43
    LITERAL_CADENA_TK       shift, and go to state 44
    LITERAL_CARACTER_TK     shift, and go to state 45
    PARENTESIS_APERTURA_TK  shift, and go to state 130

    literal   go to state 50
    exp_a     go to state 195
    operando  go to state 97


State 146

   62 exp_a: exp_a DIV_TK • exp_a

    MAS_TK                  shift, and go to state 75
    MENOS_TK                shift, and go to state 76
    ID_TK                   shift, and go to state 129
    LITERAL_BOOLEANO_TK     shift, and go to state 41
    LITERAL_ENTERO_TK       shift, and go to state 42
    LITERAL_REAL_TK         shift, and go to state 43
    LITERAL_CADENA_TK       shift, and go to state 44
    LITERAL_CARACTER_TK     shift, and go to state 45
    PARENTESIS_APERTURA_TK  shift, and go to state 130

    literal   go to state 50
    exp_a     go to state 196
    operando  go to state 97


State 147

   61 exp_a: exp_a MOD_TK • exp_a

    MAS_TK                  shift, and go to state 75
    MENOS_TK                shift, and go to state 76
    ID_TK                   shift, and go to state 129
    LITERAL_BOOLEANO_TK     shift, and go to state 41
    LITERAL_ENTERO_TK       shift, and go to state 42
    LITERAL_REAL_TK         shift, and go to state 43
    LITERAL_CADENA_TK       shift, and go to state 44
    LITERAL_CARACTER_TK     shift, and go to state 45
    PARENTESIS_APERTURA_TK  shift, and go to state 130

    literal   go to state 50
    exp_a     go to state 197
    operando  go to state 97


State 148

   77 oprel: IGUAL_TK •

    $default  reduce using rule 77 (oprel)


State 149

   59 exp_a: exp_a MULTIPLICACION_TK • exp_a

    MAS_TK                  shift, and go to state 75
    MENOS_TK                shift, and go to state 76
    ID_TK                   shift, and go to state 129
    LITERAL_BOOLEANO_TK     shift, and go to state 41
    LITERAL_ENTERO_TK       shift, and go to state 42
    LITERAL_REAL_TK         shift, and go to state 43
    LITERAL_CADENA_TK       shift, and go to state 44
    LITERAL_CARACTER_TK     shift, and go to state 45
    PARENTESIS_APERTURA_TK  shift, and go to state 130

    literal   go to state 50
    exp_a     go to state 198
    operando  go to state 97


State 150

   60 exp_a: exp_a DIVREAL_TK • exp_a

    MAS_TK                  shift, and go to state 75
    MENOS_TK                shift, and go to state 76
    ID_TK                   shift, and go to state 129
    LITERAL_BOOLEANO_TK     shift, and go to state 41
    LITERAL_ENTERO_TK       shift, and go to state 42
    LITERAL_REAL_TK         shift, and go to state 43
    LITERAL_CADENA_TK       shift, and go to state 44
    LITERAL_CARACTER_TK     shift, and go to state 45
    PARENTESIS_APERTURA_TK  shift, and go to state 130

    literal   go to state 50
    exp_a     go to state 199
    operando  go to state 97


State 151

   79 oprel: MAYORIGUAL_TK •

    $default  reduce using rule 79 (oprel)


State 152

   80 oprel: MENORIGUAL_TK •

    $default  reduce using rule 80 (oprel)


State 153

   76 oprel: MAYOR_TK •

    $default  reduce using rule 76 (oprel)


State 154

   75 oprel: MENOR_TK •

    $default  reduce using rule 75 (oprel)


State 155

   78 oprel: DISTINTO_TK •

    $default  reduce using rule 78 (oprel)


State 156

   73 exp_b: exp_a oprel • exp_a

    MAS_TK                  shift, and go to state 75
    MENOS_TK                shift, and go to state 76
    ID_TK                   shift, and go to state 129
    LITERAL_BOOLEANO_TK     shift, and go to state 41
    LITERAL_ENTERO_TK       shift, and go to state 42
    LITERAL_REAL_TK         shift, and go to state 43
    LITERAL_CADENA_TK       shift, and go to state 44
    LITERAL_CARACTER_TK     shift, and go to state 45
    PARENTESIS_APERTURA_TK  shift, and go to state 130

    literal   go to state 50
    exp_a     go to state 200
    operando  go to state 97


State 157

   68 exp_b: exp_b O_TK • exp_b

    MAS_TK                  shift, and go to state 75
    MENOS_TK                shift, and go to state 76
    ID_TK                   shift, and go to state 129
    IDBOOLEANO_TK           shift, and go to state 40
    LITERAL_BOOLEANO_TK     shift, and go to state 41
    LITERAL_ENTERO_TK       shift, and go to state 42
    LITERAL_REAL_TK         shift, and go to state 43
    LITERAL_CADENA_TK       shift, and go to state 44
    LITERAL_CARACTER_TK     shift, and go to state 45
    FALSO_TK                shift, and go to state 82
    NO_TK                   shift, and go to state 83
    VERDADERO_TK            shift, and go to state 88
    PARENTESIS_APERTURA_TK  shift, and go to state 89

    literal            go to state 50
    exp_a              go to state 134
    exp_b              go to state 201
    operando           go to state 97
    operando_booleano  go to state 98


State 158

   67 exp_b: exp_b Y_TK • exp_b

    MAS_TK                  shift, and go to state 75
    MENOS_TK                shift, and go to state 76
    ID_TK                   shift, and go to state 129
    IDBOOLEANO_TK           shift, and go to state 40
    LITERAL_BOOLEANO_TK     shift, and go to state 41
    LITERAL_ENTERO_TK       shift, and go to state 42
    LITERAL_REAL_TK         shift, and go to state 43
    LITERAL_CADENA_TK       shift, and go to state 44
    LITERAL_CARACTER_TK     shift, and go to state 45
    FALSO_TK                shift, and go to state 82
    NO_TK                   shift, and go to state 83
    VERDADERO_TK            shift, and go to state 88
    PARENTESIS_APERTURA_TK  shift, and go to state 89

    literal            go to state 50
    exp_a              go to state 134
    exp_b              go to state 202
    operando           go to state 97
    operando_booleano  go to state 98


State 159

   23 lista_d_tipo: IDBOOLEANO_TK IGUAL_TK d_tipo PUNTOYCOMA_TK • lista_d_tipo

    ID_TK          shift, and go to state 10
    IDBOOLEANO_TK  shift, and go to state 11

    $default  reduce using rule 24 (lista_d_tipo)

    lista_d_tipo  go to state 203


State 160

   25 lista_d_const: ID_TK IGUAL_TK literal • PUNTOYCOMA_TK lista_d_const

    PUNTOYCOMA_TK  shift, and go to state 204


State 161

   26 lista_d_const: IDBOOLEANO_TK IGUAL_TK literal • PUNTOYCOMA_TK lista_d_const

    PUNTOYCOMA_TK  shift, and go to state 205


State 162

   20 declaracion_const: CONST_TK lista_d_const FCONST_TK PUNTOYCOMA_TK •

    $default  reduce using rule 20 (declaracion_const)


State 163

   36 lista_id: ID_TK COMA_TK lista_id •

    $default  reduce using rule 36 (lista_id)


State 164

   38 lista_id: IDBOOLEANO_TK COMA_TK lista_id •

    $default  reduce using rule 38 (lista_id)


State 165

   21 declaracion_var: VAR_TK lista_d_var FVAR_TK PUNTOYCOMA_TK •

    $default  reduce using rule 21 (declaracion_var)


State 166

   33 lista_d_var: lista_id DOSPUNTOS_TK d_tipo • PUNTOYCOMA_TK lista_d_var

    PUNTOYCOMA_TK  shift, and go to state 206


State 167

  114 l_ll: expresion •
  115     | expresion • COMA_TK l_ll

    COMA_TK  shift, and go to state 207

    $default  reduce using rule 114 (l_ll)


State 168

  112 accion_ll: ID_TK PARENTESIS_APERTURA_TK l_ll • PARENTESIS_CIERRE_TK

    PARENTESIS_CIERRE_TK  shift, and go to state 208


State 169

  101 it_cota_fija: MIENTRAS_TK expresion HACER_TK • instrucciones FMIENTRAS_TK

    ID_TK                shift, and go to state 39
    IDBOOLEANO_TK        shift, and go to state 40
    LITERAL_BOOLEANO_TK  shift, and go to state 41
    LITERAL_ENTERO_TK    shift, and go to state 42
    LITERAL_REAL_TK      shift, and go to state 43
    LITERAL_CADENA_TK    shift, and go to state 44
    LITERAL_CARACTER_TK  shift, and go to state 45
    CONTINUAR_TK         shift, and go to state 46
    MIENTRAS_TK          shift, and go to state 47
    PARA_TK              shift, and go to state 48
    SI_TK                shift, and go to state 49

    literal            go to state 50
    operando           go to state 51
    operando_booleano  go to state 52
    instrucciones      go to state 209
    instruccion        go to state 54
    asignacion         go to state 55
    alternativa        go to state 56
    iteracion          go to state 57
    it_cota_fija       go to state 58
    it_cota_exp        go to state 59
    accion_ll          go to state 60


State 170

  102 it_cota_exp: PARA_TK ID_TK ASIGNACION_TK • expresion HASTA_TK expresion HACER_TK instrucciones FPARA_TK

    MAS_TK                  shift, and go to state 75
    MENOS_TK                shift, and go to state 76
    ID_TK                   shift, and go to state 111
    IDBOOLEANO_TK           shift, and go to state 40
    LITERAL_BOOLEANO_TK     shift, and go to state 41
    LITERAL_ENTERO_TK       shift, and go to state 42
    LITERAL_REAL_TK         shift, and go to state 43
    LITERAL_CADENA_TK       shift, and go to state 44
    LITERAL_CARACTER_TK     shift, and go to state 45
    FALSO_TK                shift, and go to state 82
    NO_TK                   shift, and go to state 83
    VERDADERO_TK            shift, and go to state 88
    PARENTESIS_APERTURA_TK  shift, and go to state 89

    literal            go to state 50
    expresion          go to state 210
    exp_a              go to state 95
    exp_b              go to state 96
    operando           go to state 97
    operando_booleano  go to state 98
    funcion_ll         go to state 99


State 171

   96 alternativa: SI_TK expresion ENTONCES_TK • instrucciones lista_opciones FSI_TK

    ID_TK                shift, and go to state 39
    IDBOOLEANO_TK        shift, and go to state 40
    LITERAL_BOOLEANO_TK  shift, and go to state 41
    LITERAL_ENTERO_TK    shift, and go to state 42
    LITERAL_REAL_TK      shift, and go to state 43
    LITERAL_CADENA_TK    shift, and go to state 44
    LITERAL_CARACTER_TK  shift, and go to state 45
    CONTINUAR_TK         shift, and go to state 46
    MIENTRAS_TK          shift, and go to state 47
    PARA_TK              shift, and go to state 48
    SI_TK                shift, and go to state 49

    literal            go to state 50
    operando           go to state 51
    operando_booleano  go to state 52
    instrucciones      go to state 211
    instruccion        go to state 54
    asignacion         go to state 55
    alternativa        go to state 56
    iteracion          go to state 57
    it_cota_fija       go to state 58
    it_cota_exp        go to state 59
    accion_ll          go to state 60


State 172

   94 asignacion: operando ASIGNACION_TK expresion •

    $default  reduce using rule 94 (asignacion)


State 173

   83 operando: operando INICIO_ARRAY_TK expresion • CIERRE_ARRAY_TK

    CIERRE_ARRAY_TK  shift, and go to state 212


State 174

   82 operando: operando PUNTO_TK ID_TK •

    $default  reduce using rule 82 (operando)


State 175

   95 asignacion: operando_booleano ASIGNACION_TK expresion •

    $default  reduce using rule 95 (asignacion)


State 176

   87 instrucciones: instruccion PUNTOYCOMA_TK instrucciones •

    $default  reduce using rule 87 (instrucciones)


State 177

  109 d_p_form: ENT_TK • lista_id DOSPUNTOS_TK d_tipo

    ID_TK          shift, and go to state 33
    IDBOOLEANO_TK  shift, and go to state 34

    lista_id  go to state 213


State 178

  111 d_p_form: E_S_TK • lista_id DOSPUNTOS_TK d_tipo

    ID_TK          shift, and go to state 33
    IDBOOLEANO_TK  shift, and go to state 34

    lista_id  go to state 214


State 179

  110 d_p_form: SAL_TK • lista_id DOSPUNTOS_TK d_tipo

    ID_TK          shift, and go to state 33
    IDBOOLEANO_TK  shift, and go to state 34

    lista_id  go to state 215


State 180

  105 a_cabecera: ID_TK PARENTESIS_APERTURA_TK d_par_form • PARENTESIS_CIERRE_TK PUNTOYCOMA_TK

    PARENTESIS_CIERRE_TK  shift, and go to state 216


State 181

  107 d_par_form: d_p_form • PUNTOYCOMA_TK d_par_form

    PUNTOYCOMA_TK  shift, and go to state 217


State 182

  103 accion_d: ACCION_TK a_cabecera bloque FACCION_TK •

    $default  reduce using rule 103 (accion_d)


State 183

  106 f_cabecera: ID_TK PARENTESIS_APERTURA_TK lista_d_var • PARENTESIS_CIERRE_TK DEV_TK d_tipo PUNTOYCOMA_TK

    PARENTESIS_CIERRE_TK  shift, and go to state 218


State 184

  104 funcion_d: FUNCION_TK f_cabecera bloque DEV_TK • expresion FFUNCION_TK

    MAS_TK                  shift, and go to state 75
    MENOS_TK                shift, and go to state 76
    ID_TK                   shift, and go to state 111
    IDBOOLEANO_TK           shift, and go to state 40
    LITERAL_BOOLEANO_TK     shift, and go to state 41
    LITERAL_ENTERO_TK       shift, and go to state 42
    LITERAL_REAL_TK         shift, and go to state 43
    LITERAL_CADENA_TK       shift, and go to state 44
    LITERAL_CARACTER_TK     shift, and go to state 45
    FALSO_TK                shift, and go to state 82
    NO_TK                   shift, and go to state 83
    VERDADERO_TK            shift, and go to state 88
    PARENTESIS_APERTURA_TK  shift, and go to state 89

    literal            go to state 50
    expresion          go to state 219
    exp_a              go to state 95
    exp_b              go to state 96
    operando           go to state 97
    operando_booleano  go to state 98
    funcion_ll         go to state 99


State 185

   57 exp_a: exp_a • MAS_TK exp_a
   58      | exp_a • MENOS_TK exp_a
   59      | exp_a • MULTIPLICACION_TK exp_a
   60      | exp_a • DIVREAL_TK exp_a
   61      | exp_a • MOD_TK exp_a
   62      | exp_a • DIV_TK exp_a
   63      | PARENTESIS_APERTURA_TK exp_a • PARENTESIS_CIERRE_TK

    MAS_TK                shift, and go to state 144
    MENOS_TK              shift, and go to state 145
    DIV_TK                shift, and go to state 146
    MOD_TK                shift, and go to state 147
    MULTIPLICACION_TK     shift, and go to state 149
    DIVREAL_TK            shift, and go to state 150
    PARENTESIS_CIERRE_TK  shift, and go to state 190


State 186

  113 funcion_ll: ID_TK PARENTESIS_APERTURA_TK l_ll • PARENTESIS_CIERRE_TK

    PARENTESIS_CIERRE_TK  shift, and go to state 220


State 187

   40 d_tipo: TABLA_TK INICIO_ARRAY_TK expresion_t • DOBLEPUNTO_TK expresion_t CIERRE_ARRAY_TK DE_TK d_tipo

    DOBLEPUNTO_TK  shift, and go to state 221


State 188

   47 lista_campos: ID_TK DOSPUNTOS_TK • d_tipo PUNTOYCOMA_TK lista_campos

    MAS_TK                  shift, and go to state 75
    MENOS_TK                shift, and go to state 76
    ID_TK                   shift, and go to state 77
    IDBOOLEANO_TK           shift, and go to state 40
    LITERAL_BOOLEANO_TK     shift, and go to state 41
    LITERAL_ENTERO_TK       shift, and go to state 42
    LITERAL_REAL_TK         shift, and go to state 43
    LITERAL_CADENA_TK       shift, and go to state 44
    LITERAL_CARACTER_TK     shift, and go to state 45
    BOOLEANO_TK             shift, and go to state 78
    CADENA_TK               shift, and go to state 79
    CARACTER_TK             shift, and go to state 80
    ENTERO_TK               shift, and go to state 81
    FALSO_TK                shift, and go to state 82
    NO_TK                   shift, and go to state 83
    REAL_TK                 shift, and go to state 84
    REF_TK                  shift, and go to state 85
    TABLA_TK                shift, and go to state 86
    TUPLA_TK                shift, and go to state 87
    VERDADERO_TK            shift, and go to state 88
    PARENTESIS_APERTURA_TK  shift, and go to state 89

    literal            go to state 90
    d_tipo             go to state 222
    expresion_t        go to state 92
    tipo_base          go to state 93
    expresion          go to state 94
    exp_a              go to state 95
    exp_b              go to state 96
    operando           go to state 97
    operando_booleano  go to state 98
    funcion_ll         go to state 99


State 189

   39 d_tipo: TUPLA_TK lista_campos FTUPLA_TK •

    $default  reduce using rule 39 (d_tipo)


State 190

   63 exp_a: PARENTESIS_APERTURA_TK exp_a PARENTESIS_CIERRE_TK •

    $default  reduce using rule 63 (exp_a)


State 191

   74 exp_b: PARENTESIS_APERTURA_TK exp_b PARENTESIS_CIERRE_TK •

    $default  reduce using rule 74 (exp_b)


State 192

   22 lista_d_tipo: ID_TK IGUAL_TK d_tipo PUNTOYCOMA_TK lista_d_tipo •

    $default  reduce using rule 22 (lista_d_tipo)


State 193

   42 d_tipo: expresion_t DOBLEPUNTO_TK expresion_t •

    $default  reduce using rule 42 (d_tipo)


State 194

   57 exp_a: exp_a • MAS_TK exp_a
   57      | exp_a MAS_TK exp_a •
   58      | exp_a • MENOS_TK exp_a
   59      | exp_a • MULTIPLICACION_TK exp_a
   60      | exp_a • DIVREAL_TK exp_a
   61      | exp_a • MOD_TK exp_a
   62      | exp_a • DIV_TK exp_a

    DIV_TK             shift, and go to state 146
    MOD_TK             shift, and go to state 147
    MULTIPLICACION_TK  shift, and go to state 149
    DIVREAL_TK         shift, and go to state 150

    $default  reduce using rule 57 (exp_a)


State 195

   57 exp_a: exp_a • MAS_TK exp_a
   58      | exp_a • MENOS_TK exp_a
   58      | exp_a MENOS_TK exp_a •
   59      | exp_a • MULTIPLICACION_TK exp_a
   60      | exp_a • DIVREAL_TK exp_a
   61      | exp_a • MOD_TK exp_a
   62      | exp_a • DIV_TK exp_a

    DIV_TK             shift, and go to state 146
    MOD_TK             shift, and go to state 147
    MULTIPLICACION_TK  shift, and go to state 149
    DIVREAL_TK         shift, and go to state 150

    $default  reduce using rule 58 (exp_a)


State 196

   57 exp_a: exp_a • MAS_TK exp_a
   58      | exp_a • MENOS_TK exp_a
   59      | exp_a • MULTIPLICACION_TK exp_a
   60      | exp_a • DIVREAL_TK exp_a
   61      | exp_a • MOD_TK exp_a
   62      | exp_a • DIV_TK exp_a
   62      | exp_a DIV_TK exp_a •

    $default  reduce using rule 62 (exp_a)


State 197

   57 exp_a: exp_a • MAS_TK exp_a
   58      | exp_a • MENOS_TK exp_a
   59      | exp_a • MULTIPLICACION_TK exp_a
   60      | exp_a • DIVREAL_TK exp_a
   61      | exp_a • MOD_TK exp_a
   61      | exp_a MOD_TK exp_a •
   62      | exp_a • DIV_TK exp_a

    $default  reduce using rule 61 (exp_a)


State 198

   57 exp_a: exp_a • MAS_TK exp_a
   58      | exp_a • MENOS_TK exp_a
   59      | exp_a • MULTIPLICACION_TK exp_a
   59      | exp_a MULTIPLICACION_TK exp_a •
   60      | exp_a • DIVREAL_TK exp_a
   61      | exp_a • MOD_TK exp_a
   62      | exp_a • DIV_TK exp_a

    $default  reduce using rule 59 (exp_a)


State 199

   57 exp_a: exp_a • MAS_TK exp_a
   58      | exp_a • MENOS_TK exp_a
   59      | exp_a • MULTIPLICACION_TK exp_a
   60      | exp_a • DIVREAL_TK exp_a
   60      | exp_a DIVREAL_TK exp_a •
   61      | exp_a • MOD_TK exp_a
   62      | exp_a • DIV_TK exp_a

    $default  reduce using rule 60 (exp_a)


State 200

   57 exp_a: exp_a • MAS_TK exp_a
   58      | exp_a • MENOS_TK exp_a
   59      | exp_a • MULTIPLICACION_TK exp_a
   60      | exp_a • DIVREAL_TK exp_a
   61      | exp_a • MOD_TK exp_a
   62      | exp_a • DIV_TK exp_a
   73 exp_b: exp_a oprel exp_a •

    MAS_TK             shift, and go to state 144
    MENOS_TK           shift, and go to state 145
    DIV_TK             shift, and go to state 146
    MOD_TK             shift, and go to state 147
    MULTIPLICACION_TK  shift, and go to state 149
    DIVREAL_TK         shift, and go to state 150

    $default  reduce using rule 73 (exp_b)


State 201

   67 exp_b: exp_b • Y_TK exp_b
   68      | exp_b • O_TK exp_b
   68      | exp_b O_TK exp_b •

    Y_TK  shift, and go to state 158

    $default  reduce using rule 68 (exp_b)


State 202

   67 exp_b: exp_b • Y_TK exp_b
   67      | exp_b Y_TK exp_b •
   68      | exp_b • O_TK exp_b

    $default  reduce using rule 67 (exp_b)


State 203

   23 lista_d_tipo: IDBOOLEANO_TK IGUAL_TK d_tipo PUNTOYCOMA_TK lista_d_tipo •

    $default  reduce using rule 23 (lista_d_tipo)


State 204

   25 lista_d_const: ID_TK IGUAL_TK literal PUNTOYCOMA_TK • lista_d_const

    ID_TK          shift, and go to state 30
    IDBOOLEANO_TK  shift, and go to state 31

    $default  reduce using rule 27 (lista_d_const)

    lista_d_const  go to state 223


State 205

   26 lista_d_const: IDBOOLEANO_TK IGUAL_TK literal PUNTOYCOMA_TK • lista_d_const

    ID_TK          shift, and go to state 30
    IDBOOLEANO_TK  shift, and go to state 31

    $default  reduce using rule 27 (lista_d_const)

    lista_d_const  go to state 224


State 206

   33 lista_d_var: lista_id DOSPUNTOS_TK d_tipo PUNTOYCOMA_TK • lista_d_var

    ID_TK          shift, and go to state 33
    IDBOOLEANO_TK  shift, and go to state 34

    $default  reduce using rule 34 (lista_d_var)

    lista_d_var  go to state 225
    lista_id     go to state 36


State 207

  115 l_ll: expresion COMA_TK • l_ll

    MAS_TK                  shift, and go to state 75
    MENOS_TK                shift, and go to state 76
    ID_TK                   shift, and go to state 111
    IDBOOLEANO_TK           shift, and go to state 40
    LITERAL_BOOLEANO_TK     shift, and go to state 41
    LITERAL_ENTERO_TK       shift, and go to state 42
    LITERAL_REAL_TK         shift, and go to state 43
    LITERAL_CADENA_TK       shift, and go to state 44
    LITERAL_CARACTER_TK     shift, and go to state 45
    FALSO_TK                shift, and go to state 82
    NO_TK                   shift, and go to state 83
    VERDADERO_TK            shift, and go to state 88
    PARENTESIS_APERTURA_TK  shift, and go to state 89

    literal            go to state 50
    expresion          go to state 167
    exp_a              go to state 95
    exp_b              go to state 96
    operando           go to state 97
    operando_booleano  go to state 98
    funcion_ll         go to state 99
    l_ll               go to state 226


State 208

  112 accion_ll: ID_TK PARENTESIS_APERTURA_TK l_ll PARENTESIS_CIERRE_TK •

    $default  reduce using rule 112 (accion_ll)


State 209

  101 it_cota_fija: MIENTRAS_TK expresion HACER_TK instrucciones • FMIENTRAS_TK

    FMIENTRAS_TK  shift, and go to state 227


State 210

  102 it_cota_exp: PARA_TK ID_TK ASIGNACION_TK expresion • HASTA_TK expresion HACER_TK instrucciones FPARA_TK

    HASTA_TK  shift, and go to state 228


State 211

   96 alternativa: SI_TK expresion ENTONCES_TK instrucciones • lista_opciones FSI_TK

    SINO_SI_TK  shift, and go to state 229

    $default  reduce using rule 98 (lista_opciones)

    lista_opciones  go to state 230


State 212

   83 operando: operando INICIO_ARRAY_TK expresion CIERRE_ARRAY_TK •

    $default  reduce using rule 83 (operando)


State 213

  109 d_p_form: ENT_TK lista_id • DOSPUNTOS_TK d_tipo

    DOSPUNTOS_TK  shift, and go to state 231


State 214

  111 d_p_form: E_S_TK lista_id • DOSPUNTOS_TK d_tipo

    DOSPUNTOS_TK  shift, and go to state 232


State 215

  110 d_p_form: SAL_TK lista_id • DOSPUNTOS_TK d_tipo

    DOSPUNTOS_TK  shift, and go to state 233


State 216

  105 a_cabecera: ID_TK PARENTESIS_APERTURA_TK d_par_form PARENTESIS_CIERRE_TK • PUNTOYCOMA_TK

    PUNTOYCOMA_TK  shift, and go to state 234


State 217

  107 d_par_form: d_p_form PUNTOYCOMA_TK • d_par_form

    ENT_TK  shift, and go to state 177
    E_S_TK  shift, and go to state 178
    SAL_TK  shift, and go to state 179

    $default  reduce using rule 108 (d_par_form)

    d_par_form  go to state 235
    d_p_form    go to state 181


State 218

  106 f_cabecera: ID_TK PARENTESIS_APERTURA_TK lista_d_var PARENTESIS_CIERRE_TK • DEV_TK d_tipo PUNTOYCOMA_TK

    DEV_TK  shift, and go to state 236


State 219

  104 funcion_d: FUNCION_TK f_cabecera bloque DEV_TK expresion • FFUNCION_TK

    FFUNCION_TK  shift, and go to state 237


State 220

  113 funcion_ll: ID_TK PARENTESIS_APERTURA_TK l_ll PARENTESIS_CIERRE_TK •

    $default  reduce using rule 113 (funcion_ll)


State 221

   40 d_tipo: TABLA_TK INICIO_ARRAY_TK expresion_t DOBLEPUNTO_TK • expresion_t CIERRE_ARRAY_TK DE_TK d_tipo

    MAS_TK                  shift, and go to state 75
    MENOS_TK                shift, and go to state 76
    ID_TK                   shift, and go to state 111
    IDBOOLEANO_TK           shift, and go to state 40
    LITERAL_BOOLEANO_TK     shift, and go to state 41
    LITERAL_ENTERO_TK       shift, and go to state 42
    LITERAL_REAL_TK         shift, and go to state 43
    LITERAL_CADENA_TK       shift, and go to state 44
    LITERAL_CARACTER_TK     shift, and go to state 45
    FALSO_TK                shift, and go to state 82
    NO_TK                   shift, and go to state 83
    VERDADERO_TK            shift, and go to state 88
    PARENTESIS_APERTURA_TK  shift, and go to state 89

    literal            go to state 90
    expresion_t        go to state 238
    expresion          go to state 94
    exp_a              go to state 95
    exp_b              go to state 96
    operando           go to state 97
    operando_booleano  go to state 98
    funcion_ll         go to state 99


State 222

   47 lista_campos: ID_TK DOSPUNTOS_TK d_tipo • PUNTOYCOMA_TK lista_campos

    PUNTOYCOMA_TK  shift, and go to state 239


State 223

   25 lista_d_const: ID_TK IGUAL_TK literal PUNTOYCOMA_TK lista_d_const •

    $default  reduce using rule 25 (lista_d_const)


State 224

   26 lista_d_const: IDBOOLEANO_TK IGUAL_TK literal PUNTOYCOMA_TK lista_d_const •

    $default  reduce using rule 26 (lista_d_const)


State 225

   33 lista_d_var: lista_id DOSPUNTOS_TK d_tipo PUNTOYCOMA_TK lista_d_var •

    $default  reduce using rule 33 (lista_d_var)


State 226

  115 l_ll: expresion COMA_TK l_ll •

    $default  reduce using rule 115 (l_ll)


State 227

  101 it_cota_fija: MIENTRAS_TK expresion HACER_TK instrucciones FMIENTRAS_TK •

    $default  reduce using rule 101 (it_cota_fija)


State 228

  102 it_cota_exp: PARA_TK ID_TK ASIGNACION_TK expresion HASTA_TK • expresion HACER_TK instrucciones FPARA_TK

    MAS_TK                  shift, and go to state 75
    MENOS_TK                shift, and go to state 76
    ID_TK                   shift, and go to state 111
    IDBOOLEANO_TK           shift, and go to state 40
    LITERAL_BOOLEANO_TK     shift, and go to state 41
    LITERAL_ENTERO_TK       shift, and go to state 42
    LITERAL_REAL_TK         shift, and go to state 43
    LITERAL_CADENA_TK       shift, and go to state 44
    LITERAL_CARACTER_TK     shift, and go to state 45
    FALSO_TK                shift, and go to state 82
    NO_TK                   shift, and go to state 83
    VERDADERO_TK            shift, and go to state 88
    PARENTESIS_APERTURA_TK  shift, and go to state 89

    literal            go to state 50
    expresion          go to state 240
    exp_a              go to state 95
    exp_b              go to state 96
    operando           go to state 97
    operando_booleano  go to state 98
    funcion_ll         go to state 99


State 229

   97 lista_opciones: SINO_SI_TK • expresion ENTONCES_TK instrucciones lista_opciones

    MAS_TK                  shift, and go to state 75
    MENOS_TK                shift, and go to state 76
    ID_TK                   shift, and go to state 111
    IDBOOLEANO_TK           shift, and go to state 40
    LITERAL_BOOLEANO_TK     shift, and go to state 41
    LITERAL_ENTERO_TK       shift, and go to state 42
    LITERAL_REAL_TK         shift, and go to state 43
    LITERAL_CADENA_TK       shift, and go to state 44
    LITERAL_CARACTER_TK     shift, and go to state 45
    FALSO_TK                shift, and go to state 82
    NO_TK                   shift, and go to state 83
    VERDADERO_TK            shift, and go to state 88
    PARENTESIS_APERTURA_TK  shift, and go to state 89

    literal            go to state 50
    expresion          go to state 241
    exp_a              go to state 95
    exp_b              go to state 96
    operando           go to state 97
    operando_booleano  go to state 98
    funcion_ll         go to state 99


State 230

   96 alternativa: SI_TK expresion ENTONCES_TK instrucciones lista_opciones • FSI_TK

    FSI_TK  shift, and go to state 242


State 231

  109 d_p_form: ENT_TK lista_id DOSPUNTOS_TK • d_tipo

    MAS_TK                  shift, and go to state 75
    MENOS_TK                shift, and go to state 76
    ID_TK                   shift, and go to state 77
    IDBOOLEANO_TK           shift, and go to state 40
    LITERAL_BOOLEANO_TK     shift, and go to state 41
    LITERAL_ENTERO_TK       shift, and go to state 42
    LITERAL_REAL_TK         shift, and go to state 43
    LITERAL_CADENA_TK       shift, and go to state 44
    LITERAL_CARACTER_TK     shift, and go to state 45
    BOOLEANO_TK             shift, and go to state 78
    CADENA_TK               shift, and go to state 79
    CARACTER_TK             shift, and go to state 80
    ENTERO_TK               shift, and go to state 81
    FALSO_TK                shift, and go to state 82
    NO_TK                   shift, and go to state 83
    REAL_TK                 shift, and go to state 84
    REF_TK                  shift, and go to state 85
    TABLA_TK                shift, and go to state 86
    TUPLA_TK                shift, and go to state 87
    VERDADERO_TK            shift, and go to state 88
    PARENTESIS_APERTURA_TK  shift, and go to state 89

    literal            go to state 90
    d_tipo             go to state 243
    expresion_t        go to state 92
    tipo_base          go to state 93
    expresion          go to state 94
    exp_a              go to state 95
    exp_b              go to state 96
    operando           go to state 97
    operando_booleano  go to state 98
    funcion_ll         go to state 99


State 232

  111 d_p_form: E_S_TK lista_id DOSPUNTOS_TK • d_tipo

    MAS_TK                  shift, and go to state 75
    MENOS_TK                shift, and go to state 76
    ID_TK                   shift, and go to state 77
    IDBOOLEANO_TK           shift, and go to state 40
    LITERAL_BOOLEANO_TK     shift, and go to state 41
    LITERAL_ENTERO_TK       shift, and go to state 42
    LITERAL_REAL_TK         shift, and go to state 43
    LITERAL_CADENA_TK       shift, and go to state 44
    LITERAL_CARACTER_TK     shift, and go to state 45
    BOOLEANO_TK             shift, and go to state 78
    CADENA_TK               shift, and go to state 79
    CARACTER_TK             shift, and go to state 80
    ENTERO_TK               shift, and go to state 81
    FALSO_TK                shift, and go to state 82
    NO_TK                   shift, and go to state 83
    REAL_TK                 shift, and go to state 84
    REF_TK                  shift, and go to state 85
    TABLA_TK                shift, and go to state 86
    TUPLA_TK                shift, and go to state 87
    VERDADERO_TK            shift, and go to state 88
    PARENTESIS_APERTURA_TK  shift, and go to state 89

    literal            go to state 90
    d_tipo             go to state 244
    expresion_t        go to state 92
    tipo_base          go to state 93
    expresion          go to state 94
    exp_a              go to state 95
    exp_b              go to state 96
    operando           go to state 97
    operando_booleano  go to state 98
    funcion_ll         go to state 99


State 233

  110 d_p_form: SAL_TK lista_id DOSPUNTOS_TK • d_tipo

    MAS_TK                  shift, and go to state 75
    MENOS_TK                shift, and go to state 76
    ID_TK                   shift, and go to state 77
    IDBOOLEANO_TK           shift, and go to state 40
    LITERAL_BOOLEANO_TK     shift, and go to state 41
    LITERAL_ENTERO_TK       shift, and go to state 42
    LITERAL_REAL_TK         shift, and go to state 43
    LITERAL_CADENA_TK       shift, and go to state 44
    LITERAL_CARACTER_TK     shift, and go to state 45
    BOOLEANO_TK             shift, and go to state 78
    CADENA_TK               shift, and go to state 79
    CARACTER_TK             shift, and go to state 80
    ENTERO_TK               shift, and go to state 81
    FALSO_TK                shift, and go to state 82
    NO_TK                   shift, and go to state 83
    REAL_TK                 shift, and go to state 84
    REF_TK                  shift, and go to state 85
    TABLA_TK                shift, and go to state 86
    TUPLA_TK                shift, and go to state 87
    VERDADERO_TK            shift, and go to state 88
    PARENTESIS_APERTURA_TK  shift, and go to state 89

    literal            go to state 90
    d_tipo             go to state 245
    expresion_t        go to state 92
    tipo_base          go to state 93
    expresion          go to state 94
    exp_a              go to state 95
    exp_b              go to state 96
    operando           go to state 97
    operando_booleano  go to state 98
    funcion_ll         go to state 99


State 234

  105 a_cabecera: ID_TK PARENTESIS_APERTURA_TK d_par_form PARENTESIS_CIERRE_TK PUNTOYCOMA_TK •

    $default  reduce using rule 105 (a_cabecera)


State 235

  107 d_par_form: d_p_form PUNTOYCOMA_TK d_par_form •

    $default  reduce using rule 107 (d_par_form)


State 236

  106 f_cabecera: ID_TK PARENTESIS_APERTURA_TK lista_d_var PARENTESIS_CIERRE_TK DEV_TK • d_tipo PUNTOYCOMA_TK

    MAS_TK                  shift, and go to state 75
    MENOS_TK                shift, and go to state 76
    ID_TK                   shift, and go to state 77
    IDBOOLEANO_TK           shift, and go to state 40
    LITERAL_BOOLEANO_TK     shift, and go to state 41
    LITERAL_ENTERO_TK       shift, and go to state 42
    LITERAL_REAL_TK         shift, and go to state 43
    LITERAL_CADENA_TK       shift, and go to state 44
    LITERAL_CARACTER_TK     shift, and go to state 45
    BOOLEANO_TK             shift, and go to state 78
    CADENA_TK               shift, and go to state 79
    CARACTER_TK             shift, and go to state 80
    ENTERO_TK               shift, and go to state 81
    FALSO_TK                shift, and go to state 82
    NO_TK                   shift, and go to state 83
    REAL_TK                 shift, and go to state 84
    REF_TK                  shift, and go to state 85
    TABLA_TK                shift, and go to state 86
    TUPLA_TK                shift, and go to state 87
    VERDADERO_TK            shift, and go to state 88
    PARENTESIS_APERTURA_TK  shift, and go to state 89

    literal            go to state 90
    d_tipo             go to state 246
    expresion_t        go to state 92
    tipo_base          go to state 93
    expresion          go to state 94
    exp_a              go to state 95
    exp_b              go to state 96
    operando           go to state 97
    operando_booleano  go to state 98
    funcion_ll         go to state 99


State 237

  104 funcion_d: FUNCION_TK f_cabecera bloque DEV_TK expresion FFUNCION_TK •

    $default  reduce using rule 104 (funcion_d)


State 238

   40 d_tipo: TABLA_TK INICIO_ARRAY_TK expresion_t DOBLEPUNTO_TK expresion_t • CIERRE_ARRAY_TK DE_TK d_tipo

    CIERRE_ARRAY_TK  shift, and go to state 247


State 239

   47 lista_campos: ID_TK DOSPUNTOS_TK d_tipo PUNTOYCOMA_TK • lista_campos

    ID_TK  shift, and go to state 138

    $default  reduce using rule 48 (lista_campos)

    lista_campos  go to state 248


State 240

  102 it_cota_exp: PARA_TK ID_TK ASIGNACION_TK expresion HASTA_TK expresion • HACER_TK instrucciones FPARA_TK

    HACER_TK  shift, and go to state 249


State 241

   97 lista_opciones: SINO_SI_TK expresion • ENTONCES_TK instrucciones lista_opciones

    ENTONCES_TK  shift, and go to state 250


State 242

   96 alternativa: SI_TK expresion ENTONCES_TK instrucciones lista_opciones FSI_TK •

    $default  reduce using rule 96 (alternativa)


State 243

  109 d_p_form: ENT_TK lista_id DOSPUNTOS_TK d_tipo •

    $default  reduce using rule 109 (d_p_form)


State 244

  111 d_p_form: E_S_TK lista_id DOSPUNTOS_TK d_tipo •

    $default  reduce using rule 111 (d_p_form)


State 245

  110 d_p_form: SAL_TK lista_id DOSPUNTOS_TK d_tipo •

    $default  reduce using rule 110 (d_p_form)


State 246

  106 f_cabecera: ID_TK PARENTESIS_APERTURA_TK lista_d_var PARENTESIS_CIERRE_TK DEV_TK d_tipo • PUNTOYCOMA_TK

    PUNTOYCOMA_TK  shift, and go to state 251


State 247

   40 d_tipo: TABLA_TK INICIO_ARRAY_TK expresion_t DOBLEPUNTO_TK expresion_t CIERRE_ARRAY_TK • DE_TK d_tipo

    DE_TK  shift, and go to state 252


State 248

   47 lista_campos: ID_TK DOSPUNTOS_TK d_tipo PUNTOYCOMA_TK lista_campos •

    $default  reduce using rule 47 (lista_campos)


State 249

  102 it_cota_exp: PARA_TK ID_TK ASIGNACION_TK expresion HASTA_TK expresion HACER_TK • instrucciones FPARA_TK

    ID_TK                shift, and go to state 39
    IDBOOLEANO_TK        shift, and go to state 40
    LITERAL_BOOLEANO_TK  shift, and go to state 41
    LITERAL_ENTERO_TK    shift, and go to state 42
    LITERAL_REAL_TK      shift, and go to state 43
    LITERAL_CADENA_TK    shift, and go to state 44
    LITERAL_CARACTER_TK  shift, and go to state 45
    CONTINUAR_TK         shift, and go to state 46
    MIENTRAS_TK          shift, and go to state 47
    PARA_TK              shift, and go to state 48
    SI_TK                shift, and go to state 49

    literal            go to state 50
    operando           go to state 51
    operando_booleano  go to state 52
    instrucciones      go to state 253
    instruccion        go to state 54
    asignacion         go to state 55
    alternativa        go to state 56
    iteracion          go to state 57
    it_cota_fija       go to state 58
    it_cota_exp        go to state 59
    accion_ll          go to state 60


State 250

   97 lista_opciones: SINO_SI_TK expresion ENTONCES_TK • instrucciones lista_opciones

    ID_TK                shift, and go to state 39
    IDBOOLEANO_TK        shift, and go to state 40
    LITERAL_BOOLEANO_TK  shift, and go to state 41
    LITERAL_ENTERO_TK    shift, and go to state 42
    LITERAL_REAL_TK      shift, and go to state 43
    LITERAL_CADENA_TK    shift, and go to state 44
    LITERAL_CARACTER_TK  shift, and go to state 45
    CONTINUAR_TK         shift, and go to state 46
    MIENTRAS_TK          shift, and go to state 47
    PARA_TK              shift, and go to state 48
    SI_TK                shift, and go to state 49

    literal            go to state 50
    operando           go to state 51
    operando_booleano  go to state 52
    instrucciones      go to state 254
    instruccion        go to state 54
    asignacion         go to state 55
    alternativa        go to state 56
    iteracion          go to state 57
    it_cota_fija       go to state 58
    it_cota_exp        go to state 59
    accion_ll          go to state 60


State 251

  106 f_cabecera: ID_TK PARENTESIS_APERTURA_TK lista_d_var PARENTESIS_CIERRE_TK DEV_TK d_tipo PUNTOYCOMA_TK •

    $default  reduce using rule 106 (f_cabecera)


State 252

   40 d_tipo: TABLA_TK INICIO_ARRAY_TK expresion_t DOBLEPUNTO_TK expresion_t CIERRE_ARRAY_TK DE_TK • d_tipo

    MAS_TK                  shift, and go to state 75
    MENOS_TK                shift, and go to state 76
    ID_TK                   shift, and go to state 77
    IDBOOLEANO_TK           shift, and go to state 40
    LITERAL_BOOLEANO_TK     shift, and go to state 41
    LITERAL_ENTERO_TK       shift, and go to state 42
    LITERAL_REAL_TK         shift, and go to state 43
    LITERAL_CADENA_TK       shift, and go to state 44
    LITERAL_CARACTER_TK     shift, and go to state 45
    BOOLEANO_TK             shift, and go to state 78
    CADENA_TK               shift, and go to state 79
    CARACTER_TK             shift, and go to state 80
    ENTERO_TK               shift, and go to state 81
    FALSO_TK                shift, and go to state 82
    NO_TK                   shift, and go to state 83
    REAL_TK                 shift, and go to state 84
    REF_TK                  shift, and go to state 85
    TABLA_TK                shift, and go to state 86
    TUPLA_TK                shift, and go to state 87
    VERDADERO_TK            shift, and go to state 88
    PARENTESIS_APERTURA_TK  shift, and go to state 89

    literal            go to state 90
    d_tipo             go to state 255
    expresion_t        go to state 92
    tipo_base          go to state 93
    expresion          go to state 94
    exp_a              go to state 95
    exp_b              go to state 96
    operando           go to state 97
    operando_booleano  go to state 98
    funcion_ll         go to state 99


State 253

  102 it_cota_exp: PARA_TK ID_TK ASIGNACION_TK expresion HASTA_TK expresion HACER_TK instrucciones • FPARA_TK

    FPARA_TK  shift, and go to state 256


State 254

   97 lista_opciones: SINO_SI_TK expresion ENTONCES_TK instrucciones • lista_opciones

    SINO_SI_TK  shift, and go to state 229

    $default  reduce using rule 98 (lista_opciones)

    lista_opciones  go to state 257


State 255

   40 d_tipo: TABLA_TK INICIO_ARRAY_TK expresion_t DOBLEPUNTO_TK expresion_t CIERRE_ARRAY_TK DE_TK d_tipo •

    $default  reduce using rule 40 (d_tipo)


State 256

  102 it_cota_exp: PARA_TK ID_TK ASIGNACION_TK expresion HASTA_TK expresion HACER_TK instrucciones FPARA_TK •

    $default  reduce using rule 102 (it_cota_exp)


State 257

   97 lista_opciones: SINO_SI_TK expresion ENTONCES_TK instrucciones lista_opciones •

    $default  reduce using rule 97 (lista_opciones)
